2024-12-15T00:00:16.473Z DEBUG 43328 --- [upt] [http-nio-8080-exec-1] o.s.web.servlet.DispatcherServlet        : GET "/coordinator", parameters={}
2024-12-15T00:00:16.488Z DEBUG 43328 --- [upt] [http-nio-8080-exec-1] s.w.s.m.m.a.RequestMappingHandlerMapping : Mapped to com.upt.upt.controller.CurricularUnitController#showCourseList(Model, HttpSession)
2024-12-15T00:00:16.497Z DEBUG 43328 --- [upt] [http-nio-8080-exec-1] o.s.w.s.v.ContentNegotiatingViewResolver : Selected 'text/html' given [text/html, application/xhtml+xml, image/avif, image/webp, image/apng, application/xml;q=0.9, */*;q=0.8, application/signed-exchange;v=b3;q=0.7]
2024-12-15T00:00:16.509Z DEBUG 43328 --- [upt] [http-nio-8080-exec-1] o.s.web.servlet.DispatcherServlet        : Completed 200 OK
2024-12-15T00:00:16.549Z DEBUG 43328 --- [upt] [http-nio-8080-exec-5] o.s.web.servlet.DispatcherServlet        : GET "/css/coordinator_index.css?v=0", parameters={masked}
2024-12-15T00:00:16.550Z DEBUG 43328 --- [upt] [http-nio-8080-exec-5] o.s.w.s.handler.SimpleUrlHandlerMapping  : Mapped to ResourceHttpRequestHandler [classpath [META-INF/resources/], classpath [resources/], classpath [static/], classpath [public/], ServletContext [/]]
2024-12-15T00:00:16.552Z DEBUG 43328 --- [upt] [http-nio-8080-exec-2] o.s.web.servlet.DispatcherServlet        : GET "/images/upt-logo.png", parameters={}
2024-12-15T00:00:16.552Z DEBUG 43328 --- [upt] [http-nio-8080-exec-5] o.s.web.servlet.DispatcherServlet        : Completed 304 NOT_MODIFIED
2024-12-15T00:00:16.560Z DEBUG 43328 --- [upt] [http-nio-8080-exec-2] o.s.w.s.handler.SimpleUrlHandlerMapping  : Mapped to ResourceHttpRequestHandler [classpath [META-INF/resources/], classpath [resources/], classpath [static/], classpath [public/], ServletContext [/]]
2024-12-15T00:00:16.566Z DEBUG 43328 --- [upt] [http-nio-8080-exec-2] o.s.web.servlet.DispatcherServlet        : Completed 304 NOT_MODIFIED
2024-12-15T00:00:19.302Z DEBUG 43328 --- [upt] [http-nio-8080-exec-4] o.s.web.servlet.DispatcherServlet        : GET "/coordinator/coordinator_evaluationsUC?id=1", parameters={masked}
2024-12-15T00:00:19.305Z DEBUG 43328 --- [upt] [http-nio-8080-exec-4] s.w.s.m.m.a.RequestMappingHandlerMapping : Mapped to com.upt.upt.controller.CurricularUnitController#evaluationsUCCurricular(Long, Model, HttpSession)
2024-12-15T00:00:19.313Z DEBUG 43328 --- [upt] [http-nio-8080-exec-4] o.s.w.s.v.ContentNegotiatingViewResolver : Selected 'text/html' given [text/html, application/xhtml+xml, image/avif, image/webp, image/apng, application/xml;q=0.9, */*;q=0.8, application/signed-exchange;v=b3;q=0.7]
2024-12-15T00:00:19.322Z DEBUG 43328 --- [upt] [http-nio-8080-exec-4] o.s.web.servlet.DispatcherServlet        : Completed 200 OK
2024-12-15T00:00:19.356Z DEBUG 43328 --- [upt] [http-nio-8080-exec-3] o.s.web.servlet.DispatcherServlet        : GET "/css/coordinator_evaluationsUC.css", parameters={}
2024-12-15T00:00:19.357Z DEBUG 43328 --- [upt] [http-nio-8080-exec-3] o.s.w.s.handler.SimpleUrlHandlerMapping  : Mapped to ResourceHttpRequestHandler [classpath [META-INF/resources/], classpath [resources/], classpath [static/], classpath [public/], ServletContext [/]]
2024-12-15T00:00:19.361Z DEBUG 43328 --- [upt] [http-nio-8080-exec-3] o.s.web.servlet.DispatcherServlet        : Completed 304 NOT_MODIFIED
2024-12-15T00:00:25.902Z DEBUG 43328 --- [upt] [http-nio-8080-exec-6] o.s.web.servlet.DispatcherServlet        : GET "/logout", parameters={}
2024-12-15T00:00:25.903Z DEBUG 43328 --- [upt] [http-nio-8080-exec-6] s.w.s.m.m.a.RequestMappingHandlerMapping : Mapped to com.upt.upt.UptWebController#logout(HttpSession)
2024-12-15T00:00:25.906Z DEBUG 43328 --- [upt] [http-nio-8080-exec-6] o.s.web.servlet.view.RedirectView        : View name [redirect:], model {}
2024-12-15T00:00:25.907Z DEBUG 43328 --- [upt] [http-nio-8080-exec-6] o.s.web.servlet.DispatcherServlet        : Completed 302 FOUND
2024-12-15T00:00:25.914Z DEBUG 43328 --- [upt] [http-nio-8080-exec-7] o.s.web.servlet.DispatcherServlet        : GET "/login", parameters={}
2024-12-15T00:00:25.915Z DEBUG 43328 --- [upt] [http-nio-8080-exec-7] s.w.s.m.m.a.RequestMappingHandlerMapping : Mapped to com.upt.upt.UptWebController#login(String, Model)
2024-12-15T00:00:25.917Z DEBUG 43328 --- [upt] [http-nio-8080-exec-7] o.s.w.s.v.ContentNegotiatingViewResolver : Selected 'text/html' given [text/html, application/xhtml+xml, image/avif, image/webp, image/apng, application/xml;q=0.9, */*;q=0.8, application/signed-exchange;v=b3;q=0.7]
2024-12-15T00:00:25.919Z DEBUG 43328 --- [upt] [http-nio-8080-exec-7] o.s.web.servlet.DispatcherServlet        : Completed 200 OK
2024-12-15T00:00:25.954Z DEBUG 43328 --- [upt] [http-nio-8080-exec-9] o.s.web.servlet.DispatcherServlet        : GET "/js/login.js", parameters={}
2024-12-15T00:00:25.954Z DEBUG 43328 --- [upt] [http-nio-8080-exec-8] o.s.web.servlet.DispatcherServlet        : GET "/css/login.css", parameters={}
2024-12-15T00:00:25.957Z DEBUG 43328 --- [upt] [http-nio-8080-exec-8] o.s.w.s.handler.SimpleUrlHandlerMapping  : Mapped to ResourceHttpRequestHandler [classpath [META-INF/resources/], classpath [resources/], classpath [static/], classpath [public/], ServletContext [/]]
2024-12-15T00:00:25.957Z DEBUG 43328 --- [upt] [http-nio-8080-exec-9] o.s.w.s.handler.SimpleUrlHandlerMapping  : Mapped to ResourceHttpRequestHandler [classpath [META-INF/resources/], classpath [resources/], classpath [static/], classpath [public/], ServletContext [/]]
2024-12-15T00:00:25.961Z DEBUG 43328 --- [upt] [http-nio-8080-exec-9] o.s.web.servlet.DispatcherServlet        : Completed 304 NOT_MODIFIED
2024-12-15T00:00:25.962Z DEBUG 43328 --- [upt] [http-nio-8080-exec-8] o.s.web.servlet.DispatcherServlet        : Completed 304 NOT_MODIFIED
2024-12-15T00:00:29.028Z DEBUG 43328 --- [upt] [http-nio-8080-exec-10] o.s.web.servlet.DispatcherServlet        : POST "/validate-login", parameters={masked}
2024-12-15T00:00:29.029Z DEBUG 43328 --- [upt] [http-nio-8080-exec-10] s.w.s.m.m.a.RequestMappingHandlerMapping : Mapped to com.upt.upt.UptWebController#validateLogin(String, String, HttpSession)
2024-12-15T00:00:29.040Z DEBUG 43328 --- [upt] [http-nio-8080-exec-10] o.s.web.servlet.view.RedirectView        : View name [redirect:], model {}
2024-12-15T00:00:29.040Z DEBUG 43328 --- [upt] [http-nio-8080-exec-10] o.s.web.servlet.DispatcherServlet        : Completed 302 FOUND
2024-12-15T00:00:29.047Z DEBUG 43328 --- [upt] [http-nio-8080-exec-1] o.s.web.servlet.DispatcherServlet        : GET "/login?error=Invalid%20credentials", parameters={masked}
2024-12-15T00:00:29.048Z DEBUG 43328 --- [upt] [http-nio-8080-exec-1] s.w.s.m.m.a.RequestMappingHandlerMapping : Mapped to com.upt.upt.UptWebController#login(String, Model)
2024-12-15T00:00:29.049Z DEBUG 43328 --- [upt] [http-nio-8080-exec-1] o.s.w.s.v.ContentNegotiatingViewResolver : Selected 'text/html' given [text/html, application/xhtml+xml, image/avif, image/webp, image/apng, application/xml;q=0.9, */*;q=0.8, application/signed-exchange;v=b3;q=0.7]
2024-12-15T00:00:29.050Z DEBUG 43328 --- [upt] [http-nio-8080-exec-1] o.s.web.servlet.DispatcherServlet        : Completed 200 OK
2024-12-15T00:00:32.909Z DEBUG 43328 --- [upt] [http-nio-8080-exec-5] o.s.web.servlet.DispatcherServlet        : POST "/validate-login", parameters={masked}
2024-12-15T00:00:32.909Z DEBUG 43328 --- [upt] [http-nio-8080-exec-5] s.w.s.m.m.a.RequestMappingHandlerMapping : Mapped to com.upt.upt.UptWebController#validateLogin(String, String, HttpSession)
2024-12-15T00:00:32.919Z DEBUG 43328 --- [upt] [http-nio-8080-exec-5] o.s.web.servlet.view.RedirectView        : View name [redirect:], model {}
2024-12-15T00:00:32.919Z DEBUG 43328 --- [upt] [http-nio-8080-exec-5] o.s.web.servlet.DispatcherServlet        : Completed 302 FOUND
2024-12-15T00:00:32.927Z DEBUG 43328 --- [upt] [http-nio-8080-exec-2] o.s.web.servlet.DispatcherServlet        : GET "/login?error=Invalid%20credentials", parameters={masked}
2024-12-15T00:00:32.928Z DEBUG 43328 --- [upt] [http-nio-8080-exec-2] s.w.s.m.m.a.RequestMappingHandlerMapping : Mapped to com.upt.upt.UptWebController#login(String, Model)
2024-12-15T00:00:32.929Z DEBUG 43328 --- [upt] [http-nio-8080-exec-2] o.s.w.s.v.ContentNegotiatingViewResolver : Selected 'text/html' given [text/html, application/xhtml+xml, image/avif, image/webp, image/apng, application/xml;q=0.9, */*;q=0.8, application/signed-exchange;v=b3;q=0.7]
2024-12-15T00:00:32.937Z DEBUG 43328 --- [upt] [http-nio-8080-exec-2] o.s.web.servlet.DispatcherServlet        : Completed 200 OK
2024-12-15T00:00:35.652Z DEBUG 43328 --- [upt] [http-nio-8080-exec-4] o.s.web.servlet.DispatcherServlet        : POST "/validate-login", parameters={masked}
2024-12-15T00:00:35.653Z DEBUG 43328 --- [upt] [http-nio-8080-exec-4] s.w.s.m.m.a.RequestMappingHandlerMapping : Mapped to com.upt.upt.UptWebController#validateLogin(String, String, HttpSession)
2024-12-15T00:00:35.667Z DEBUG 43328 --- [upt] [http-nio-8080-exec-4] o.s.web.servlet.view.RedirectView        : View name [redirect:], model {}
2024-12-15T00:00:35.668Z DEBUG 43328 --- [upt] [http-nio-8080-exec-4] o.s.web.servlet.DispatcherServlet        : Completed 302 FOUND
2024-12-15T00:00:35.674Z DEBUG 43328 --- [upt] [http-nio-8080-exec-3] o.s.web.servlet.DispatcherServlet        : GET "/coordinator", parameters={}
2024-12-15T00:00:35.675Z DEBUG 43328 --- [upt] [http-nio-8080-exec-3] s.w.s.m.m.a.RequestMappingHandlerMapping : Mapped to com.upt.upt.controller.CurricularUnitController#showCourseList(Model, HttpSession)
2024-12-15T00:00:35.685Z DEBUG 43328 --- [upt] [http-nio-8080-exec-3] o.s.w.s.v.ContentNegotiatingViewResolver : Selected 'text/html' given [text/html, application/xhtml+xml, image/avif, image/webp, image/apng, application/xml;q=0.9, */*;q=0.8, application/signed-exchange;v=b3;q=0.7]
2024-12-15T00:00:35.690Z DEBUG 43328 --- [upt] [http-nio-8080-exec-3] o.s.web.servlet.DispatcherServlet        : Completed 200 OK
2024-12-15T00:00:38.483Z DEBUG 43328 --- [upt] [http-nio-8080-exec-6] o.s.web.servlet.DispatcherServlet        : GET "/coordinator/coordinator_evaluationsUC?id=12", parameters={masked}
2024-12-15T00:00:38.484Z DEBUG 43328 --- [upt] [http-nio-8080-exec-6] s.w.s.m.m.a.RequestMappingHandlerMapping : Mapped to com.upt.upt.controller.CurricularUnitController#evaluationsUCCurricular(Long, Model, HttpSession)
2024-12-15T00:00:38.493Z DEBUG 43328 --- [upt] [http-nio-8080-exec-6] o.s.w.s.v.ContentNegotiatingViewResolver : Selected 'text/html' given [text/html, application/xhtml+xml, image/avif, image/webp, image/apng, application/xml;q=0.9, */*;q=0.8, application/signed-exchange;v=b3;q=0.7]
2024-12-15T00:00:38.499Z DEBUG 43328 --- [upt] [http-nio-8080-exec-6] o.s.web.servlet.DispatcherServlet        : Completed 200 OK
2024-12-15T00:00:39.806Z DEBUG 43328 --- [upt] [http-nio-8080-exec-7] o.s.web.servlet.DispatcherServlet        : POST "/coordinator/delete-assessment/6", parameters={masked}
2024-12-15T00:00:39.806Z DEBUG 43328 --- [upt] [http-nio-8080-exec-7] s.w.s.m.m.a.RequestMappingHandlerMapping : Mapped to com.upt.upt.controller.AssessmentUnitController#deleteAssessment(Long, Long, Model, HttpSession)
2024-12-15T00:00:39.810Z DEBUG 43328 --- [upt] [http-nio-8080-exec-7] o.s.w.s.v.ContentNegotiatingViewResolver : Selected 'text/html' given [text/html, application/xhtml+xml, image/avif, image/webp, image/apng, application/xml;q=0.9, */*;q=0.8, application/signed-exchange;v=b3;q=0.7]
2024-12-15T00:00:39.815Z DEBUG 43328 --- [upt] [http-nio-8080-exec-7] o.s.web.servlet.DispatcherServlet        : Completed 200 OK
2024-12-15T00:00:39.850Z DEBUG 43328 --- [upt] [http-nio-8080-exec-9] o.s.web.servlet.DispatcherServlet        : GET "/css/geral_confirmRemove.css", parameters={}
2024-12-15T00:00:39.851Z DEBUG 43328 --- [upt] [http-nio-8080-exec-9] o.s.w.s.handler.SimpleUrlHandlerMapping  : Mapped to ResourceHttpRequestHandler [classpath [META-INF/resources/], classpath [resources/], classpath [static/], classpath [public/], ServletContext [/]]
2024-12-15T00:00:39.853Z DEBUG 43328 --- [upt] [http-nio-8080-exec-9] o.s.web.servlet.DispatcherServlet        : Completed 304 NOT_MODIFIED
2024-12-15T00:00:41.885Z DEBUG 43328 --- [upt] [http-nio-8080-exec-8] o.s.web.servlet.DispatcherServlet        : POST "/coordinator/confirm-remove-assessment/6", parameters={masked}
2024-12-15T00:00:41.887Z DEBUG 43328 --- [upt] [http-nio-8080-exec-8] s.w.s.m.m.a.RequestMappingHandlerMapping : Mapped to com.upt.upt.controller.AssessmentUnitController#confirmRemoveAssessment(Long, Long, HttpSession)
2024-12-15T00:00:41.904Z DEBUG 43328 --- [upt] [http-nio-8080-exec-8] o.s.web.servlet.view.RedirectView        : View name [redirect:], model {}
2024-12-15T00:00:41.905Z DEBUG 43328 --- [upt] [http-nio-8080-exec-8] o.s.web.servlet.DispatcherServlet        : Completed 302 FOUND
2024-12-15T00:00:41.911Z DEBUG 43328 --- [upt] [http-nio-8080-exec-10] o.s.web.servlet.DispatcherServlet        : GET "/coordinator/coordinator_evaluationsUC?id=12", parameters={masked}
2024-12-15T00:00:41.912Z DEBUG 43328 --- [upt] [http-nio-8080-exec-10] s.w.s.m.m.a.RequestMappingHandlerMapping : Mapped to com.upt.upt.controller.CurricularUnitController#evaluationsUCCurricular(Long, Model, HttpSession)
2024-12-15T00:00:41.927Z DEBUG 43328 --- [upt] [http-nio-8080-exec-10] o.s.w.s.v.ContentNegotiatingViewResolver : Selected 'text/html' given [text/html, application/xhtml+xml, image/avif, image/webp, image/apng, application/xml;q=0.9, */*;q=0.8, application/signed-exchange;v=b3;q=0.7]
2024-12-15T00:00:41.929Z DEBUG 43328 --- [upt] [http-nio-8080-exec-10] o.s.web.servlet.DispatcherServlet        : Completed 200 OK
2024-12-15T00:00:43.152Z DEBUG 43328 --- [upt] [http-nio-8080-exec-1] o.s.web.servlet.DispatcherServlet        : GET "/coordinator", parameters={}
2024-12-15T00:00:43.153Z DEBUG 43328 --- [upt] [http-nio-8080-exec-1] s.w.s.m.m.a.RequestMappingHandlerMapping : Mapped to com.upt.upt.controller.CurricularUnitController#showCourseList(Model, HttpSession)
2024-12-15T00:00:43.163Z DEBUG 43328 --- [upt] [http-nio-8080-exec-1] o.s.w.s.v.ContentNegotiatingViewResolver : Selected 'text/html' given [text/html, application/xhtml+xml, image/avif, image/webp, image/apng, application/xml;q=0.9, */*;q=0.8, application/signed-exchange;v=b3;q=0.7]
2024-12-15T00:00:43.168Z DEBUG 43328 --- [upt] [http-nio-8080-exec-1] o.s.web.servlet.DispatcherServlet        : Completed 200 OK
2024-12-15T00:00:44.826Z DEBUG 43328 --- [upt] [http-nio-8080-exec-5] o.s.web.servlet.DispatcherServlet        : GET "/coordinator/coordinator_editUC?id=12&semester=1", parameters={masked}
2024-12-15T00:00:44.827Z DEBUG 43328 --- [upt] [http-nio-8080-exec-5] s.w.s.m.m.a.RequestMappingHandlerMapping : Mapped to com.upt.upt.controller.CurricularUnitController#editUCForm(Long, Integer, HttpSession, Model)
2024-12-15T00:00:44.839Z DEBUG 43328 --- [upt] [http-nio-8080-exec-5] o.s.w.s.v.ContentNegotiatingViewResolver : Selected 'text/html' given [text/html, application/xhtml+xml, image/avif, image/webp, image/apng, application/xml;q=0.9, */*;q=0.8, application/signed-exchange;v=b3;q=0.7]
2024-12-15T00:00:44.856Z DEBUG 43328 --- [upt] [http-nio-8080-exec-5] o.s.web.servlet.DispatcherServlet        : Completed 200 OK
2024-12-15T00:00:44.905Z DEBUG 43328 --- [upt] [http-nio-8080-exec-2] o.s.web.servlet.DispatcherServlet        : GET "/css/coordinator_editUC.css", parameters={}
2024-12-15T00:00:44.906Z DEBUG 43328 --- [upt] [http-nio-8080-exec-2] o.s.w.s.handler.SimpleUrlHandlerMapping  : Mapped to ResourceHttpRequestHandler [classpath [META-INF/resources/], classpath [resources/], classpath [static/], classpath [public/], ServletContext [/]]
2024-12-15T00:00:44.910Z DEBUG 43328 --- [upt] [http-nio-8080-exec-2] o.s.web.servlet.DispatcherServlet        : Completed 304 NOT_MODIFIED
2024-12-15T00:00:49.214Z DEBUG 43328 --- [upt] [http-nio-8080-exec-4] o.s.web.servlet.DispatcherServlet        : POST "/coordinator/coordinator_editUC/12", parameters={masked}
2024-12-15T00:00:49.215Z DEBUG 43328 --- [upt] [http-nio-8080-exec-4] s.w.s.m.m.a.RequestMappingHandlerMapping : Mapped to com.upt.upt.controller.CurricularUnitController#updateCurricularUnit(Long, String, Integer, String, Boolean, Integer, Integer, Integer, HttpSession, Model)
2024-12-15T00:00:49.253Z DEBUG 43328 --- [upt] [http-nio-8080-exec-4] o.s.web.servlet.view.RedirectView        : View name [redirect:], model {}
2024-12-15T00:00:49.254Z DEBUG 43328 --- [upt] [http-nio-8080-exec-4] o.s.web.servlet.DispatcherServlet        : Completed 302 FOUND
2024-12-15T00:00:49.260Z DEBUG 43328 --- [upt] [http-nio-8080-exec-3] o.s.web.servlet.DispatcherServlet        : GET "/coordinator", parameters={}
2024-12-15T00:00:49.261Z DEBUG 43328 --- [upt] [http-nio-8080-exec-3] s.w.s.m.m.a.RequestMappingHandlerMapping : Mapped to com.upt.upt.controller.CurricularUnitController#showCourseList(Model, HttpSession)
2024-12-15T00:00:49.272Z DEBUG 43328 --- [upt] [http-nio-8080-exec-3] o.s.w.s.v.ContentNegotiatingViewResolver : Selected 'text/html' given [text/html, application/xhtml+xml, image/avif, image/webp, image/apng, application/xml;q=0.9, */*;q=0.8, application/signed-exchange;v=b3;q=0.7]
2024-12-15T00:00:49.278Z DEBUG 43328 --- [upt] [http-nio-8080-exec-3] o.s.web.servlet.DispatcherServlet        : Completed 200 OK
2024-12-15T00:00:50.828Z DEBUG 43328 --- [upt] [http-nio-8080-exec-6] o.s.web.servlet.DispatcherServlet        : GET "/coordinator/coordinator_evaluationsUC?id=12", parameters={masked}
2024-12-15T00:00:50.829Z DEBUG 43328 --- [upt] [http-nio-8080-exec-6] s.w.s.m.m.a.RequestMappingHandlerMapping : Mapped to com.upt.upt.controller.CurricularUnitController#evaluationsUCCurricular(Long, Model, HttpSession)
2024-12-15T00:00:50.838Z DEBUG 43328 --- [upt] [http-nio-8080-exec-6] o.s.w.s.v.ContentNegotiatingViewResolver : Selected 'text/html' given [text/html, application/xhtml+xml, image/avif, image/webp, image/apng, application/xml;q=0.9, */*;q=0.8, application/signed-exchange;v=b3;q=0.7]
2024-12-15T00:00:50.841Z DEBUG 43328 --- [upt] [http-nio-8080-exec-6] o.s.web.servlet.DispatcherServlet        : Completed 200 OK
2024-12-15T00:00:51.894Z DEBUG 43328 --- [upt] [http-nio-8080-exec-7] o.s.web.servlet.DispatcherServlet        : GET "/coordinator/coordinator_create_evaluation?curricularUnitId=12", parameters={masked}
2024-12-15T00:00:51.895Z DEBUG 43328 --- [upt] [http-nio-8080-exec-7] s.w.s.m.m.a.RequestMappingHandlerMapping : Mapped to com.upt.upt.controller.AssessmentUnitController#createEvaluationPage(Long, Model, String, HttpSession)
2024-12-15T00:00:51.907Z DEBUG 43328 --- [upt] [http-nio-8080-exec-7] o.s.w.s.v.ContentNegotiatingViewResolver : Selected 'text/html' given [text/html, application/xhtml+xml, image/avif, image/webp, image/apng, application/xml;q=0.9, */*;q=0.8, application/signed-exchange;v=b3;q=0.7]
2024-12-15T00:00:51.910Z DEBUG 43328 --- [upt] [http-nio-8080-exec-7] o.s.web.servlet.DispatcherServlet        : Completed 200 OK
2024-12-15T00:00:51.949Z DEBUG 43328 --- [upt] [http-nio-8080-exec-8] o.s.web.servlet.DispatcherServlet        : GET "/js/coordinator_addEvaluations.js", parameters={}
2024-12-15T00:00:51.949Z DEBUG 43328 --- [upt] [http-nio-8080-exec-9] o.s.web.servlet.DispatcherServlet        : GET "/css/coordinator_addEvaluations.css", parameters={}
2024-12-15T00:00:51.950Z DEBUG 43328 --- [upt] [http-nio-8080-exec-8] o.s.w.s.handler.SimpleUrlHandlerMapping  : Mapped to ResourceHttpRequestHandler [classpath [META-INF/resources/], classpath [resources/], classpath [static/], classpath [public/], ServletContext [/]]
2024-12-15T00:00:51.952Z DEBUG 43328 --- [upt] [http-nio-8080-exec-9] o.s.w.s.handler.SimpleUrlHandlerMapping  : Mapped to ResourceHttpRequestHandler [classpath [META-INF/resources/], classpath [resources/], classpath [static/], classpath [public/], ServletContext [/]]
2024-12-15T00:00:51.953Z DEBUG 43328 --- [upt] [http-nio-8080-exec-8] o.s.web.servlet.DispatcherServlet        : Completed 304 NOT_MODIFIED
2024-12-15T00:00:51.957Z DEBUG 43328 --- [upt] [http-nio-8080-exec-9] o.s.web.servlet.DispatcherServlet        : Completed 304 NOT_MODIFIED
2024-12-15T00:01:07.874Z DEBUG 43328 --- [upt] [http-nio-8080-exec-10] o.s.web.servlet.DispatcherServlet        : POST "/coordinator/coordinator_addEvaluation", parameters={masked}
2024-12-15T00:01:07.875Z DEBUG 43328 --- [upt] [http-nio-8080-exec-10] s.w.s.m.m.a.RequestMappingHandlerMapping : Mapped to com.upt.upt.controller.AssessmentUnitController#saveEvaluation(Map, HttpSession, Model)
2024-12-15T00:01:08.072Z DEBUG 43328 --- [upt] [http-nio-8080-exec-10] o.s.web.servlet.view.RedirectView        : View name [redirect:], model {}
2024-12-15T00:01:08.072Z DEBUG 43328 --- [upt] [http-nio-8080-exec-10] o.s.web.servlet.DispatcherServlet        : Completed 302 FOUND
2024-12-15T00:01:08.078Z DEBUG 43328 --- [upt] [http-nio-8080-exec-1] o.s.web.servlet.DispatcherServlet        : GET "/coordinator/coordinator_create_evaluation?curricularUnitId=12&error=Not%20enough%20available%20rooms%20to%20accommodate%20all%20students.", parameters={masked}
2024-12-15T00:01:08.079Z DEBUG 43328 --- [upt] [http-nio-8080-exec-1] s.w.s.m.m.a.RequestMappingHandlerMapping : Mapped to com.upt.upt.controller.AssessmentUnitController#createEvaluationPage(Long, Model, String, HttpSession)
2024-12-15T00:01:08.098Z DEBUG 43328 --- [upt] [http-nio-8080-exec-1] o.s.w.s.v.ContentNegotiatingViewResolver : Selected 'text/html' given [text/html, application/xhtml+xml, image/avif, image/webp, image/apng, application/xml;q=0.9, */*;q=0.8, application/signed-exchange;v=b3;q=0.7]
2024-12-15T00:01:08.104Z DEBUG 43328 --- [upt] [http-nio-8080-exec-1] o.s.web.servlet.DispatcherServlet        : Completed 200 OK
2024-12-15T00:12:30.943Z  INFO 44612 --- [upt] [main] com.upt.upt.UptWebApplication            : Starting UptWebApplication using Java 21.0.5 with PID 44612 (D:\Documentos\Faculdade\3ยบ Ano GAB\QualidadeSoftware\Projeto POTENTE\UptQSProject\build\classes\java\main started by gabri in D:\Documentos\Faculdade\3ยบ Ano GAB\QualidadeSoftware\Projeto POTENTE\UptQSProject)
2024-12-15T00:12:30.947Z DEBUG 44612 --- [upt] [main] com.upt.upt.UptWebApplication            : Running with Spring Boot v3.3.5, Spring v6.1.14
2024-12-15T00:12:30.952Z  INFO 44612 --- [upt] [main] com.upt.upt.UptWebApplication            : No active profile set, falling back to 1 default profile: "default"
2024-12-15T00:12:33.265Z  INFO 44612 --- [upt] [main] .s.d.r.c.RepositoryConfigurationDelegate : Bootstrapping Spring Data JPA repositories in DEFAULT mode.
2024-12-15T00:12:33.416Z  INFO 44612 --- [upt] [main] .s.d.r.c.RepositoryConfigurationDelegate : Finished Spring Data repository scanning in 139 ms. Found 9 JPA repository interfaces.
2024-12-15T00:12:35.178Z  INFO 44612 --- [upt] [main] o.s.b.w.embedded.tomcat.TomcatWebServer  : Tomcat initialized with port 8080 (http)
2024-12-15T00:12:35.211Z  INFO 44612 --- [upt] [main] o.apache.catalina.core.StandardService   : Starting service [Tomcat]
2024-12-15T00:12:35.213Z  INFO 44612 --- [upt] [main] o.apache.catalina.core.StandardEngine    : Starting Servlet engine: [Apache Tomcat/10.1.31]
2024-12-15T00:12:35.369Z  INFO 44612 --- [upt] [main] o.a.c.c.C.[Tomcat].[localhost].[/]       : Initializing Spring embedded WebApplicationContext
2024-12-15T00:12:35.371Z  INFO 44612 --- [upt] [main] w.s.c.ServletWebServerApplicationContext : Root WebApplicationContext: initialization completed in 4279 ms
2024-12-15T00:12:35.943Z  INFO 44612 --- [upt] [main] o.hibernate.jpa.internal.util.LogHelper  : HHH000204: Processing PersistenceUnitInfo [name: default]
2024-12-15T00:12:36.049Z  INFO 44612 --- [upt] [main] org.hibernate.Version                    : HHH000412: Hibernate ORM core version 6.5.3.Final
2024-12-15T00:12:36.143Z  INFO 44612 --- [upt] [main] o.h.c.internal.RegionFactoryInitiator    : HHH000026: Second-level cache disabled
2024-12-15T00:12:36.756Z  INFO 44612 --- [upt] [main] o.s.o.j.p.SpringPersistenceUnitInfo      : No LoadTimeWeaver setup: ignoring JPA class transformer
2024-12-15T00:12:36.815Z  INFO 44612 --- [upt] [main] com.zaxxer.hikari.HikariDataSource       : HikariPool-1 - Starting...
2024-12-15T00:12:37.394Z  INFO 44612 --- [upt] [main] com.zaxxer.hikari.pool.HikariPool        : HikariPool-1 - Added connection com.mysql.cj.jdbc.ConnectionImpl@77ff14ce
2024-12-15T00:12:37.399Z  INFO 44612 --- [upt] [main] com.zaxxer.hikari.HikariDataSource       : HikariPool-1 - Start completed.
2024-12-15T00:12:37.536Z  WARN 44612 --- [upt] [main] org.hibernate.orm.deprecation            : HHH90000025: MySQL8Dialect does not need to be specified explicitly using 'hibernate.dialect' (remove the property setting and it will be selected by default)
2024-12-15T00:12:37.540Z  WARN 44612 --- [upt] [main] org.hibernate.orm.deprecation            : HHH90000026: MySQL8Dialect has been deprecated; use org.hibernate.dialect.MySQLDialect instead
2024-12-15T00:12:39.726Z  INFO 44612 --- [upt] [main] o.h.e.t.j.p.i.JtaPlatformInitiator       : HHH000489: No JTA platform available (set 'hibernate.transaction.jta.platform' to enable JTA platform integration)
2024-12-15T00:12:39.911Z  INFO 44612 --- [upt] [main] j.LocalContainerEntityManagerFactoryBean : Initialized JPA EntityManagerFactory for persistence unit 'default'
2024-12-15T00:12:41.275Z  WARN 44612 --- [upt] [main] JpaBaseConfiguration$JpaWebConfiguration : spring.jpa.open-in-view is enabled by default. Therefore, database queries may be performed during view rendering. Explicitly configure spring.jpa.open-in-view to disable this warning
2024-12-15T00:12:41.557Z DEBUG 44612 --- [upt] [main] s.w.s.m.m.a.RequestMappingHandlerMapping : 67 mappings in 'requestMappingHandlerMapping'
2024-12-15T00:12:41.702Z DEBUG 44612 --- [upt] [main] o.s.w.s.handler.SimpleUrlHandlerMapping  : Patterns [/webjars/**, /**] in 'resourceHandlerMapping'
2024-12-15T00:12:41.819Z DEBUG 44612 --- [upt] [main] s.w.s.m.m.a.RequestMappingHandlerAdapter : ControllerAdvice beans: 0 @ModelAttribute, 0 @InitBinder, 1 RequestBodyAdvice, 1 ResponseBodyAdvice
2024-12-15T00:12:42.059Z DEBUG 44612 --- [upt] [main] .m.m.a.ExceptionHandlerExceptionResolver : ControllerAdvice beans: 0 @ExceptionHandler, 1 ResponseBodyAdvice
2024-12-15T00:12:42.333Z  INFO 44612 --- [upt] [main] o.s.b.w.embedded.tomcat.TomcatWebServer  : Tomcat started on port 8080 (http) with context path '/'
2024-12-15T00:12:42.348Z  INFO 44612 --- [upt] [main] com.upt.upt.UptWebApplication            : Started UptWebApplication in 12.475 seconds (process running for 13.17)
2024-12-15T00:12:55.155Z  INFO 44612 --- [upt] [http-nio-8080-exec-1] o.a.c.c.C.[Tomcat].[localhost].[/]       : Initializing Spring DispatcherServlet 'dispatcherServlet'
2024-12-15T00:12:55.156Z  INFO 44612 --- [upt] [http-nio-8080-exec-1] o.s.web.servlet.DispatcherServlet        : Initializing Servlet 'dispatcherServlet'
2024-12-15T00:12:55.157Z DEBUG 44612 --- [upt] [http-nio-8080-exec-1] o.s.web.servlet.DispatcherServlet        : Detected StandardServletMultipartResolver
2024-12-15T00:12:55.158Z DEBUG 44612 --- [upt] [http-nio-8080-exec-1] o.s.web.servlet.DispatcherServlet        : Detected AcceptHeaderLocaleResolver
2024-12-15T00:12:55.158Z DEBUG 44612 --- [upt] [http-nio-8080-exec-1] o.s.web.servlet.DispatcherServlet        : Detected FixedThemeResolver
2024-12-15T00:12:55.160Z DEBUG 44612 --- [upt] [http-nio-8080-exec-1] o.s.web.servlet.DispatcherServlet        : Detected org.springframework.web.servlet.view.DefaultRequestToViewNameTranslator@6418075c
2024-12-15T00:12:55.161Z DEBUG 44612 --- [upt] [http-nio-8080-exec-1] o.s.web.servlet.DispatcherServlet        : Detected org.springframework.web.servlet.support.SessionFlashMapManager@fe38d1e
2024-12-15T00:12:55.162Z DEBUG 44612 --- [upt] [http-nio-8080-exec-1] o.s.web.servlet.DispatcherServlet        : enableLoggingRequestDetails='false': request parameters and headers will be masked to prevent unsafe logging of potentially sensitive data
2024-12-15T00:12:55.163Z  INFO 44612 --- [upt] [http-nio-8080-exec-1] o.s.web.servlet.DispatcherServlet        : Completed initialization in 6 ms
2024-12-15T00:12:55.183Z DEBUG 44612 --- [upt] [http-nio-8080-exec-1] o.s.web.servlet.DispatcherServlet        : GET "/coordinator/coordinator_create_evaluation?curricularUnitId=12", parameters={masked}
2024-12-15T00:12:55.205Z DEBUG 44612 --- [upt] [http-nio-8080-exec-1] s.w.s.m.m.a.RequestMappingHandlerMapping : Mapped to com.upt.upt.controller.AssessmentUnitController#createEvaluationPage(Long, Model, String, HttpSession)
2024-12-15T00:12:55.304Z DEBUG 44612 --- [upt] [http-nio-8080-exec-1] o.s.web.servlet.view.RedirectView        : View name [redirect:], model {}
2024-12-15T00:12:55.307Z DEBUG 44612 --- [upt] [http-nio-8080-exec-1] o.s.web.servlet.DispatcherServlet        : Completed 302 FOUND
2024-12-15T00:12:55.318Z DEBUG 44612 --- [upt] [http-nio-8080-exec-2] o.s.web.servlet.DispatcherServlet        : GET "/login?error=Unauthorized%20access", parameters={masked}
2024-12-15T00:12:55.334Z DEBUG 44612 --- [upt] [http-nio-8080-exec-2] s.w.s.m.m.a.RequestMappingHandlerMapping : Mapped to com.upt.upt.UptWebController#login(String, Model)
2024-12-15T00:12:55.346Z DEBUG 44612 --- [upt] [http-nio-8080-exec-2] o.s.w.s.v.ContentNegotiatingViewResolver : Selected 'text/html' given [text/html, application/xhtml+xml, image/avif, image/webp, image/apng, application/xml;q=0.9, */*;q=0.8, application/signed-exchange;v=b3;q=0.7]
2024-12-15T00:12:55.735Z DEBUG 44612 --- [upt] [http-nio-8080-exec-2] o.s.web.servlet.DispatcherServlet        : Completed 200 OK
2024-12-15T00:12:55.756Z DEBUG 44612 --- [upt] [http-nio-8080-exec-3] o.s.web.servlet.DispatcherServlet        : GET "/css/login.css", parameters={}
2024-12-15T00:12:55.758Z DEBUG 44612 --- [upt] [http-nio-8080-exec-5] o.s.web.servlet.DispatcherServlet        : GET "/js/login.js", parameters={}
2024-12-15T00:12:55.756Z DEBUG 44612 --- [upt] [http-nio-8080-exec-4] o.s.web.servlet.DispatcherServlet        : GET "/images/upt-logo.png", parameters={}
2024-12-15T00:12:55.764Z DEBUG 44612 --- [upt] [http-nio-8080-exec-5] o.s.w.s.handler.SimpleUrlHandlerMapping  : Mapped to ResourceHttpRequestHandler [classpath [META-INF/resources/], classpath [resources/], classpath [static/], classpath [public/], ServletContext [/]]
2024-12-15T00:12:55.764Z DEBUG 44612 --- [upt] [http-nio-8080-exec-4] o.s.w.s.handler.SimpleUrlHandlerMapping  : Mapped to ResourceHttpRequestHandler [classpath [META-INF/resources/], classpath [resources/], classpath [static/], classpath [public/], ServletContext [/]]
2024-12-15T00:12:55.764Z DEBUG 44612 --- [upt] [http-nio-8080-exec-3] o.s.w.s.handler.SimpleUrlHandlerMapping  : Mapped to ResourceHttpRequestHandler [classpath [META-INF/resources/], classpath [resources/], classpath [static/], classpath [public/], ServletContext [/]]
2024-12-15T00:12:55.772Z DEBUG 44612 --- [upt] [http-nio-8080-exec-3] o.s.web.servlet.DispatcherServlet        : Completed 304 NOT_MODIFIED
2024-12-15T00:12:55.772Z DEBUG 44612 --- [upt] [http-nio-8080-exec-5] o.s.web.servlet.DispatcherServlet        : Completed 304 NOT_MODIFIED
2024-12-15T00:12:55.772Z DEBUG 44612 --- [upt] [http-nio-8080-exec-4] o.s.web.servlet.DispatcherServlet        : Completed 304 NOT_MODIFIED
2024-12-15T00:12:58.320Z DEBUG 44612 --- [upt] [http-nio-8080-exec-6] o.s.web.servlet.DispatcherServlet        : POST "/validate-login", parameters={masked}
2024-12-15T00:12:58.321Z DEBUG 44612 --- [upt] [http-nio-8080-exec-6] s.w.s.m.m.a.RequestMappingHandlerMapping : Mapped to com.upt.upt.UptWebController#validateLogin(String, String, HttpSession)
2024-12-15T00:12:58.609Z DEBUG 44612 --- [upt] [http-nio-8080-exec-6] o.s.web.servlet.view.RedirectView        : View name [redirect:], model {}
2024-12-15T00:12:58.611Z DEBUG 44612 --- [upt] [http-nio-8080-exec-6] o.s.web.servlet.DispatcherServlet        : Completed 302 FOUND
2024-12-15T00:12:58.616Z DEBUG 44612 --- [upt] [http-nio-8080-exec-7] o.s.web.servlet.DispatcherServlet        : GET "/coordinator", parameters={}
2024-12-15T00:12:58.616Z DEBUG 44612 --- [upt] [http-nio-8080-exec-7] s.w.s.m.m.a.RequestMappingHandlerMapping : Mapped to com.upt.upt.controller.CurricularUnitController#showCourseList(Model, HttpSession)
2024-12-15T00:12:58.663Z DEBUG 44612 --- [upt] [http-nio-8080-exec-7] o.s.w.s.v.ContentNegotiatingViewResolver : Selected 'text/html' given [text/html, application/xhtml+xml, image/avif, image/webp, image/apng, application/xml;q=0.9, */*;q=0.8, application/signed-exchange;v=b3;q=0.7]
2024-12-15T00:12:58.705Z DEBUG 44612 --- [upt] [http-nio-8080-exec-7] o.s.web.servlet.DispatcherServlet        : Completed 200 OK
2024-12-15T00:12:58.736Z DEBUG 44612 --- [upt] [http-nio-8080-exec-8] o.s.web.servlet.DispatcherServlet        : GET "/css/coordinator_index.css?v=0", parameters={masked}
2024-12-15T00:12:58.738Z DEBUG 44612 --- [upt] [http-nio-8080-exec-8] o.s.w.s.handler.SimpleUrlHandlerMapping  : Mapped to ResourceHttpRequestHandler [classpath [META-INF/resources/], classpath [resources/], classpath [static/], classpath [public/], ServletContext [/]]
2024-12-15T00:12:58.743Z DEBUG 44612 --- [upt] [http-nio-8080-exec-8] o.s.web.servlet.DispatcherServlet        : Completed 304 NOT_MODIFIED
2024-12-15T00:13:00.119Z DEBUG 44612 --- [upt] [http-nio-8080-exec-9] o.s.web.servlet.DispatcherServlet        : GET "/coordinator/coordinator_evaluationsUC?id=12", parameters={masked}
2024-12-15T00:13:00.121Z DEBUG 44612 --- [upt] [http-nio-8080-exec-9] s.w.s.m.m.a.RequestMappingHandlerMapping : Mapped to com.upt.upt.controller.CurricularUnitController#evaluationsUCCurricular(Long, Model, HttpSession)
2024-12-15T00:13:00.155Z DEBUG 44612 --- [upt] [http-nio-8080-exec-9] o.s.w.s.v.ContentNegotiatingViewResolver : Selected 'text/html' given [text/html, application/xhtml+xml, image/avif, image/webp, image/apng, application/xml;q=0.9, */*;q=0.8, application/signed-exchange;v=b3;q=0.7]
2024-12-15T00:13:00.169Z DEBUG 44612 --- [upt] [http-nio-8080-exec-9] o.s.web.servlet.DispatcherServlet        : Completed 200 OK
2024-12-15T00:13:00.207Z DEBUG 44612 --- [upt] [http-nio-8080-exec-10] o.s.web.servlet.DispatcherServlet        : GET "/css/coordinator_evaluationsUC.css", parameters={}
2024-12-15T00:13:00.210Z DEBUG 44612 --- [upt] [http-nio-8080-exec-10] o.s.w.s.handler.SimpleUrlHandlerMapping  : Mapped to ResourceHttpRequestHandler [classpath [META-INF/resources/], classpath [resources/], classpath [static/], classpath [public/], ServletContext [/]]
2024-12-15T00:13:00.213Z DEBUG 44612 --- [upt] [http-nio-8080-exec-10] o.s.web.servlet.DispatcherServlet        : Completed 304 NOT_MODIFIED
2024-12-15T00:13:01.607Z DEBUG 44612 --- [upt] [http-nio-8080-exec-1] o.s.web.servlet.DispatcherServlet        : GET "/coordinator/coordinator_create_evaluation?curricularUnitId=12", parameters={masked}
2024-12-15T00:13:01.608Z DEBUG 44612 --- [upt] [http-nio-8080-exec-1] s.w.s.m.m.a.RequestMappingHandlerMapping : Mapped to com.upt.upt.controller.AssessmentUnitController#createEvaluationPage(Long, Model, String, HttpSession)
2024-12-15T00:13:01.642Z DEBUG 44612 --- [upt] [http-nio-8080-exec-1] o.s.w.s.v.ContentNegotiatingViewResolver : Selected 'text/html' given [text/html, application/xhtml+xml, image/avif, image/webp, image/apng, application/xml;q=0.9, */*;q=0.8, application/signed-exchange;v=b3;q=0.7]
2024-12-15T00:13:01.665Z DEBUG 44612 --- [upt] [http-nio-8080-exec-1] o.s.web.servlet.DispatcherServlet        : Completed 200 OK
2024-12-15T00:13:01.704Z DEBUG 44612 --- [upt] [http-nio-8080-exec-2] o.s.web.servlet.DispatcherServlet        : GET "/css/coordinator_addEvaluations.css", parameters={}
2024-12-15T00:13:01.707Z DEBUG 44612 --- [upt] [http-nio-8080-exec-2] o.s.w.s.handler.SimpleUrlHandlerMapping  : Mapped to ResourceHttpRequestHandler [classpath [META-INF/resources/], classpath [resources/], classpath [static/], classpath [public/], ServletContext [/]]
2024-12-15T00:13:01.709Z DEBUG 44612 --- [upt] [http-nio-8080-exec-2] o.s.web.servlet.DispatcherServlet        : Completed 304 NOT_MODIFIED
2024-12-15T00:13:01.712Z DEBUG 44612 --- [upt] [http-nio-8080-exec-3] o.s.web.servlet.DispatcherServlet        : GET "/js/coordinator_addEvaluations.js", parameters={}
2024-12-15T00:13:01.714Z DEBUG 44612 --- [upt] [http-nio-8080-exec-3] o.s.w.s.handler.SimpleUrlHandlerMapping  : Mapped to ResourceHttpRequestHandler [classpath [META-INF/resources/], classpath [resources/], classpath [static/], classpath [public/], ServletContext [/]]
2024-12-15T00:13:01.718Z DEBUG 44612 --- [upt] [http-nio-8080-exec-3] o.s.web.servlet.DispatcherServlet        : Completed 304 NOT_MODIFIED
2024-12-15T00:13:11.758Z DEBUG 44612 --- [upt] [http-nio-8080-exec-5] o.s.web.servlet.DispatcherServlet        : GET "/coordinator/coordinator_evaluationsUC?id=12", parameters={masked}
2024-12-15T00:13:11.758Z DEBUG 44612 --- [upt] [http-nio-8080-exec-5] s.w.s.m.m.a.RequestMappingHandlerMapping : Mapped to com.upt.upt.controller.CurricularUnitController#evaluationsUCCurricular(Long, Model, HttpSession)
2024-12-15T00:13:11.774Z DEBUG 44612 --- [upt] [http-nio-8080-exec-5] o.s.w.s.v.ContentNegotiatingViewResolver : Selected 'text/html' given [text/html, application/xhtml+xml, image/avif, image/webp, image/apng, application/xml;q=0.9, */*;q=0.8, application/signed-exchange;v=b3;q=0.7]
2024-12-15T00:13:11.777Z DEBUG 44612 --- [upt] [http-nio-8080-exec-5] o.s.web.servlet.DispatcherServlet        : Completed 200 OK
2024-12-15T00:13:13.903Z DEBUG 44612 --- [upt] [http-nio-8080-exec-4] o.s.web.servlet.DispatcherServlet        : GET "/coordinator", parameters={}
2024-12-15T00:13:13.904Z DEBUG 44612 --- [upt] [http-nio-8080-exec-4] s.w.s.m.m.a.RequestMappingHandlerMapping : Mapped to com.upt.upt.controller.CurricularUnitController#showCourseList(Model, HttpSession)
2024-12-15T00:13:13.920Z DEBUG 44612 --- [upt] [http-nio-8080-exec-4] o.s.w.s.v.ContentNegotiatingViewResolver : Selected 'text/html' given [text/html, application/xhtml+xml, image/avif, image/webp, image/apng, application/xml;q=0.9, */*;q=0.8, application/signed-exchange;v=b3;q=0.7]
2024-12-15T00:13:13.929Z DEBUG 44612 --- [upt] [http-nio-8080-exec-4] o.s.web.servlet.DispatcherServlet        : Completed 200 OK
2024-12-15T00:13:15.900Z DEBUG 44612 --- [upt] [http-nio-8080-exec-6] o.s.web.servlet.DispatcherServlet        : GET "/logout", parameters={}
2024-12-15T00:13:15.902Z DEBUG 44612 --- [upt] [http-nio-8080-exec-6] s.w.s.m.m.a.RequestMappingHandlerMapping : Mapped to com.upt.upt.UptWebController#logout(HttpSession)
2024-12-15T00:13:15.904Z DEBUG 44612 --- [upt] [http-nio-8080-exec-6] o.s.web.servlet.view.RedirectView        : View name [redirect:], model {}
2024-12-15T00:13:15.905Z DEBUG 44612 --- [upt] [http-nio-8080-exec-6] o.s.web.servlet.DispatcherServlet        : Completed 302 FOUND
2024-12-15T00:13:15.911Z DEBUG 44612 --- [upt] [http-nio-8080-exec-7] o.s.web.servlet.DispatcherServlet        : GET "/login", parameters={}
2024-12-15T00:13:15.913Z DEBUG 44612 --- [upt] [http-nio-8080-exec-7] s.w.s.m.m.a.RequestMappingHandlerMapping : Mapped to com.upt.upt.UptWebController#login(String, Model)
2024-12-15T00:13:15.917Z DEBUG 44612 --- [upt] [http-nio-8080-exec-7] o.s.w.s.v.ContentNegotiatingViewResolver : Selected 'text/html' given [text/html, application/xhtml+xml, image/avif, image/webp, image/apng, application/xml;q=0.9, */*;q=0.8, application/signed-exchange;v=b3;q=0.7]
2024-12-15T00:13:15.920Z DEBUG 44612 --- [upt] [http-nio-8080-exec-7] o.s.web.servlet.DispatcherServlet        : Completed 200 OK
2024-12-15T00:13:18.407Z DEBUG 44612 --- [upt] [http-nio-8080-exec-8] o.s.web.servlet.DispatcherServlet        : POST "/validate-login", parameters={masked}
2024-12-15T00:13:18.408Z DEBUG 44612 --- [upt] [http-nio-8080-exec-8] s.w.s.m.m.a.RequestMappingHandlerMapping : Mapped to com.upt.upt.UptWebController#validateLogin(String, String, HttpSession)
2024-12-15T00:13:18.424Z DEBUG 44612 --- [upt] [http-nio-8080-exec-8] o.s.web.servlet.view.RedirectView        : View name [redirect:], model {}
2024-12-15T00:13:18.424Z DEBUG 44612 --- [upt] [http-nio-8080-exec-8] o.s.web.servlet.DispatcherServlet        : Completed 302 FOUND
2024-12-15T00:13:18.430Z DEBUG 44612 --- [upt] [http-nio-8080-exec-9] o.s.web.servlet.DispatcherServlet        : GET "/coordinator", parameters={}
2024-12-15T00:13:18.433Z DEBUG 44612 --- [upt] [http-nio-8080-exec-9] s.w.s.m.m.a.RequestMappingHandlerMapping : Mapped to com.upt.upt.controller.CurricularUnitController#showCourseList(Model, HttpSession)
2024-12-15T00:13:18.449Z DEBUG 44612 --- [upt] [http-nio-8080-exec-9] o.s.w.s.v.ContentNegotiatingViewResolver : Selected 'text/html' given [text/html, application/xhtml+xml, image/avif, image/webp, image/apng, application/xml;q=0.9, */*;q=0.8, application/signed-exchange;v=b3;q=0.7]
2024-12-15T00:13:18.476Z DEBUG 44612 --- [upt] [http-nio-8080-exec-9] o.s.web.servlet.DispatcherServlet        : Completed 200 OK
2024-12-15T00:13:20.958Z DEBUG 44612 --- [upt] [http-nio-8080-exec-10] o.s.web.servlet.DispatcherServlet        : GET "/coordinator/coordinator_evaluationsUC?id=1", parameters={masked}
2024-12-15T00:13:20.959Z DEBUG 44612 --- [upt] [http-nio-8080-exec-10] s.w.s.m.m.a.RequestMappingHandlerMapping : Mapped to com.upt.upt.controller.CurricularUnitController#evaluationsUCCurricular(Long, Model, HttpSession)
2024-12-15T00:13:20.972Z DEBUG 44612 --- [upt] [http-nio-8080-exec-10] o.s.w.s.v.ContentNegotiatingViewResolver : Selected 'text/html' given [text/html, application/xhtml+xml, image/avif, image/webp, image/apng, application/xml;q=0.9, */*;q=0.8, application/signed-exchange;v=b3;q=0.7]
2024-12-15T00:13:21.013Z DEBUG 44612 --- [upt] [http-nio-8080-exec-10] o.s.web.servlet.DispatcherServlet        : Completed 200 OK
2024-12-15T00:13:24.909Z DEBUG 44612 --- [upt] [http-nio-8080-exec-1] o.s.web.servlet.DispatcherServlet        : GET "/logout", parameters={}
2024-12-15T00:13:24.910Z DEBUG 44612 --- [upt] [http-nio-8080-exec-1] s.w.s.m.m.a.RequestMappingHandlerMapping : Mapped to com.upt.upt.UptWebController#logout(HttpSession)
2024-12-15T00:13:24.912Z DEBUG 44612 --- [upt] [http-nio-8080-exec-1] o.s.web.servlet.view.RedirectView        : View name [redirect:], model {}
2024-12-15T00:13:24.913Z DEBUG 44612 --- [upt] [http-nio-8080-exec-1] o.s.web.servlet.DispatcherServlet        : Completed 302 FOUND
2024-12-15T00:13:24.920Z DEBUG 44612 --- [upt] [http-nio-8080-exec-2] o.s.web.servlet.DispatcherServlet        : GET "/login", parameters={}
2024-12-15T00:13:24.921Z DEBUG 44612 --- [upt] [http-nio-8080-exec-2] s.w.s.m.m.a.RequestMappingHandlerMapping : Mapped to com.upt.upt.UptWebController#login(String, Model)
2024-12-15T00:13:24.922Z DEBUG 44612 --- [upt] [http-nio-8080-exec-2] o.s.w.s.v.ContentNegotiatingViewResolver : Selected 'text/html' given [text/html, application/xhtml+xml, image/avif, image/webp, image/apng, application/xml;q=0.9, */*;q=0.8, application/signed-exchange;v=b3;q=0.7]
2024-12-15T00:13:24.924Z DEBUG 44612 --- [upt] [http-nio-8080-exec-2] o.s.web.servlet.DispatcherServlet        : Completed 200 OK
2024-12-15T00:13:29.694Z DEBUG 44612 --- [upt] [http-nio-8080-exec-3] o.s.web.servlet.DispatcherServlet        : POST "/validate-login", parameters={masked}
2024-12-15T00:13:29.695Z DEBUG 44612 --- [upt] [http-nio-8080-exec-3] s.w.s.m.m.a.RequestMappingHandlerMapping : Mapped to com.upt.upt.UptWebController#validateLogin(String, String, HttpSession)
2024-12-15T00:13:29.714Z DEBUG 44612 --- [upt] [http-nio-8080-exec-3] o.s.web.servlet.view.RedirectView        : View name [redirect:], model {}
2024-12-15T00:13:29.715Z DEBUG 44612 --- [upt] [http-nio-8080-exec-3] o.s.web.servlet.DispatcherServlet        : Completed 302 FOUND
2024-12-15T00:13:29.726Z DEBUG 44612 --- [upt] [http-nio-8080-exec-5] o.s.web.servlet.DispatcherServlet        : GET "/coordinator", parameters={}
2024-12-15T00:13:29.727Z DEBUG 44612 --- [upt] [http-nio-8080-exec-5] s.w.s.m.m.a.RequestMappingHandlerMapping : Mapped to com.upt.upt.controller.CurricularUnitController#showCourseList(Model, HttpSession)
2024-12-15T00:13:29.743Z DEBUG 44612 --- [upt] [http-nio-8080-exec-5] o.s.w.s.v.ContentNegotiatingViewResolver : Selected 'text/html' given [text/html, application/xhtml+xml, image/avif, image/webp, image/apng, application/xml;q=0.9, */*;q=0.8, application/signed-exchange;v=b3;q=0.7]
2024-12-15T00:13:29.751Z DEBUG 44612 --- [upt] [http-nio-8080-exec-5] o.s.web.servlet.DispatcherServlet        : Completed 200 OK
2024-12-15T00:13:31.295Z DEBUG 44612 --- [upt] [http-nio-8080-exec-4] o.s.web.servlet.DispatcherServlet        : GET "/coordinator/coordinator_evaluationsUC?id=12", parameters={masked}
2024-12-15T00:13:31.297Z DEBUG 44612 --- [upt] [http-nio-8080-exec-4] s.w.s.m.m.a.RequestMappingHandlerMapping : Mapped to com.upt.upt.controller.CurricularUnitController#evaluationsUCCurricular(Long, Model, HttpSession)
2024-12-15T00:13:31.307Z DEBUG 44612 --- [upt] [http-nio-8080-exec-4] o.s.w.s.v.ContentNegotiatingViewResolver : Selected 'text/html' given [text/html, application/xhtml+xml, image/avif, image/webp, image/apng, application/xml;q=0.9, */*;q=0.8, application/signed-exchange;v=b3;q=0.7]
2024-12-15T00:13:31.310Z DEBUG 44612 --- [upt] [http-nio-8080-exec-4] o.s.web.servlet.DispatcherServlet        : Completed 200 OK
2024-12-15T00:13:33.071Z DEBUG 44612 --- [upt] [http-nio-8080-exec-6] o.s.web.servlet.DispatcherServlet        : GET "/coordinator/coordinator_create_evaluation?curricularUnitId=12", parameters={masked}
2024-12-15T00:13:33.072Z DEBUG 44612 --- [upt] [http-nio-8080-exec-6] s.w.s.m.m.a.RequestMappingHandlerMapping : Mapped to com.upt.upt.controller.AssessmentUnitController#createEvaluationPage(Long, Model, String, HttpSession)
2024-12-15T00:13:33.095Z DEBUG 44612 --- [upt] [http-nio-8080-exec-6] o.s.w.s.v.ContentNegotiatingViewResolver : Selected 'text/html' given [text/html, application/xhtml+xml, image/avif, image/webp, image/apng, application/xml;q=0.9, */*;q=0.8, application/signed-exchange;v=b3;q=0.7]
2024-12-15T00:13:33.100Z DEBUG 44612 --- [upt] [http-nio-8080-exec-6] o.s.web.servlet.DispatcherServlet        : Completed 200 OK
2024-12-15T00:13:50.398Z DEBUG 44612 --- [upt] [http-nio-8080-exec-7] o.s.web.servlet.DispatcherServlet        : POST "/coordinator/coordinator_addEvaluation", parameters={masked}
2024-12-15T00:13:50.400Z DEBUG 44612 --- [upt] [http-nio-8080-exec-7] s.w.s.m.m.a.RequestMappingHandlerMapping : Mapped to com.upt.upt.controller.AssessmentUnitController#saveEvaluation(Map, HttpSession, Model)
2024-12-15T00:13:50.960Z DEBUG 44612 --- [upt] [http-nio-8080-exec-7] o.s.web.servlet.view.RedirectView        : View name [redirect:], model {}
2024-12-15T00:13:50.962Z DEBUG 44612 --- [upt] [http-nio-8080-exec-7] o.s.web.servlet.DispatcherServlet        : Completed 302 FOUND
2024-12-15T00:13:50.972Z DEBUG 44612 --- [upt] [http-nio-8080-exec-8] o.s.web.servlet.DispatcherServlet        : GET "/coordinator/coordinator_create_evaluation?curricularUnitId=12&error=No%20available%20rooms%20found%20for%20the%20specified%20time.%20However,%20rooms%20are%20available%20from%2008:00%20to%2008:05%20on%20the%20same%20day.", parameters={masked}
2024-12-15T00:13:50.973Z DEBUG 44612 --- [upt] [http-nio-8080-exec-8] s.w.s.m.m.a.RequestMappingHandlerMapping : Mapped to com.upt.upt.controller.AssessmentUnitController#createEvaluationPage(Long, Model, String, HttpSession)
2024-12-15T00:13:50.992Z DEBUG 44612 --- [upt] [http-nio-8080-exec-8] o.s.w.s.v.ContentNegotiatingViewResolver : Selected 'text/html' given [text/html, application/xhtml+xml, image/avif, image/webp, image/apng, application/xml;q=0.9, */*;q=0.8, application/signed-exchange;v=b3;q=0.7]
2024-12-15T00:13:50.998Z DEBUG 44612 --- [upt] [http-nio-8080-exec-8] o.s.web.servlet.DispatcherServlet        : Completed 200 OK
2024-12-15T00:14:06.524Z DEBUG 44612 --- [upt] [http-nio-8080-exec-1] o.s.web.servlet.DispatcherServlet        : GET "/coordinator/coordinator_evaluationsUC?id=12", parameters={masked}
2024-12-15T00:14:06.527Z DEBUG 44612 --- [upt] [http-nio-8080-exec-1] s.w.s.m.m.a.RequestMappingHandlerMapping : Mapped to com.upt.upt.controller.CurricularUnitController#evaluationsUCCurricular(Long, Model, HttpSession)
2024-12-15T00:14:06.538Z DEBUG 44612 --- [upt] [http-nio-8080-exec-1] o.s.w.s.v.ContentNegotiatingViewResolver : Selected 'text/html' given [text/html, application/xhtml+xml, image/avif, image/webp, image/apng, application/xml;q=0.9, */*;q=0.8, application/signed-exchange;v=b3;q=0.7]
2024-12-15T00:14:06.542Z DEBUG 44612 --- [upt] [http-nio-8080-exec-1] o.s.web.servlet.DispatcherServlet        : Completed 200 OK
2024-12-15T00:14:08.010Z DEBUG 44612 --- [upt] [http-nio-8080-exec-2] o.s.web.servlet.DispatcherServlet        : GET "/logout", parameters={}
2024-12-15T00:14:08.011Z DEBUG 44612 --- [upt] [http-nio-8080-exec-2] s.w.s.m.m.a.RequestMappingHandlerMapping : Mapped to com.upt.upt.UptWebController#logout(HttpSession)
2024-12-15T00:14:08.012Z DEBUG 44612 --- [upt] [http-nio-8080-exec-2] o.s.web.servlet.view.RedirectView        : View name [redirect:], model {}
2024-12-15T00:14:08.013Z DEBUG 44612 --- [upt] [http-nio-8080-exec-2] o.s.web.servlet.DispatcherServlet        : Completed 302 FOUND
2024-12-15T00:14:08.020Z DEBUG 44612 --- [upt] [http-nio-8080-exec-3] o.s.web.servlet.DispatcherServlet        : GET "/login", parameters={}
2024-12-15T00:14:08.021Z DEBUG 44612 --- [upt] [http-nio-8080-exec-3] s.w.s.m.m.a.RequestMappingHandlerMapping : Mapped to com.upt.upt.UptWebController#login(String, Model)
2024-12-15T00:14:08.022Z DEBUG 44612 --- [upt] [http-nio-8080-exec-3] o.s.w.s.v.ContentNegotiatingViewResolver : Selected 'text/html' given [text/html, application/xhtml+xml, image/avif, image/webp, image/apng, application/xml;q=0.9, */*;q=0.8, application/signed-exchange;v=b3;q=0.7]
2024-12-15T00:14:08.025Z DEBUG 44612 --- [upt] [http-nio-8080-exec-3] o.s.web.servlet.DispatcherServlet        : Completed 200 OK
2024-12-15T00:14:11.973Z DEBUG 44612 --- [upt] [http-nio-8080-exec-5] o.s.web.servlet.DispatcherServlet        : POST "/validate-login", parameters={masked}
2024-12-15T00:14:11.974Z DEBUG 44612 --- [upt] [http-nio-8080-exec-5] s.w.s.m.m.a.RequestMappingHandlerMapping : Mapped to com.upt.upt.UptWebController#validateLogin(String, String, HttpSession)
2024-12-15T00:14:11.985Z DEBUG 44612 --- [upt] [http-nio-8080-exec-5] o.s.web.servlet.view.RedirectView        : View name [redirect:], model {}
2024-12-15T00:14:11.985Z DEBUG 44612 --- [upt] [http-nio-8080-exec-5] o.s.web.servlet.DispatcherServlet        : Completed 302 FOUND
2024-12-15T00:14:11.993Z DEBUG 44612 --- [upt] [http-nio-8080-exec-4] o.s.web.servlet.DispatcherServlet        : GET "/login?error=Invalid%20credentials", parameters={masked}
2024-12-15T00:14:11.994Z DEBUG 44612 --- [upt] [http-nio-8080-exec-4] s.w.s.m.m.a.RequestMappingHandlerMapping : Mapped to com.upt.upt.UptWebController#login(String, Model)
2024-12-15T00:14:11.996Z DEBUG 44612 --- [upt] [http-nio-8080-exec-4] o.s.w.s.v.ContentNegotiatingViewResolver : Selected 'text/html' given [text/html, application/xhtml+xml, image/avif, image/webp, image/apng, application/xml;q=0.9, */*;q=0.8, application/signed-exchange;v=b3;q=0.7]
2024-12-15T00:14:12.001Z DEBUG 44612 --- [upt] [http-nio-8080-exec-4] o.s.web.servlet.DispatcherServlet        : Completed 200 OK
2024-12-15T00:14:14.598Z DEBUG 44612 --- [upt] [http-nio-8080-exec-6] o.s.web.servlet.DispatcherServlet        : POST "/validate-login", parameters={masked}
2024-12-15T00:14:14.599Z DEBUG 44612 --- [upt] [http-nio-8080-exec-6] s.w.s.m.m.a.RequestMappingHandlerMapping : Mapped to com.upt.upt.UptWebController#validateLogin(String, String, HttpSession)
2024-12-15T00:14:14.611Z DEBUG 44612 --- [upt] [http-nio-8080-exec-6] o.s.web.servlet.view.RedirectView        : View name [redirect:], model {}
2024-12-15T00:14:14.612Z DEBUG 44612 --- [upt] [http-nio-8080-exec-6] o.s.web.servlet.DispatcherServlet        : Completed 302 FOUND
2024-12-15T00:14:14.618Z DEBUG 44612 --- [upt] [http-nio-8080-exec-7] o.s.web.servlet.DispatcherServlet        : GET "/director", parameters={}
2024-12-15T00:14:14.619Z DEBUG 44612 --- [upt] [http-nio-8080-exec-7] s.w.s.m.m.a.RequestMappingHandlerMapping : Mapped to com.upt.upt.controller.DirectorUnitController#listDirectors(HttpSession, Model)
2024-12-15T00:14:14.629Z DEBUG 44612 --- [upt] [http-nio-8080-exec-7] o.s.w.s.v.ContentNegotiatingViewResolver : Selected 'text/html' given [text/html, application/xhtml+xml, image/avif, image/webp, image/apng, application/xml;q=0.9, */*;q=0.8, application/signed-exchange;v=b3;q=0.7]
2024-12-15T00:14:14.648Z DEBUG 44612 --- [upt] [http-nio-8080-exec-7] o.s.web.servlet.DispatcherServlet        : Completed 200 OK
2024-12-15T00:14:14.677Z DEBUG 44612 --- [upt] [http-nio-8080-exec-8] o.s.web.servlet.DispatcherServlet        : GET "/css/director_index.css", parameters={}
2024-12-15T00:14:14.681Z DEBUG 44612 --- [upt] [http-nio-8080-exec-8] o.s.w.s.handler.SimpleUrlHandlerMapping  : Mapped to ResourceHttpRequestHandler [classpath [META-INF/resources/], classpath [resources/], classpath [static/], classpath [public/], ServletContext [/]]
2024-12-15T00:14:14.689Z DEBUG 44612 --- [upt] [http-nio-8080-exec-8] o.s.web.servlet.DispatcherServlet        : Completed 304 NOT_MODIFIED
2024-12-15T00:14:17.451Z DEBUG 44612 --- [upt] [http-nio-8080-exec-9] o.s.web.servlet.DispatcherServlet        : GET "/logout", parameters={}
2024-12-15T00:14:17.452Z DEBUG 44612 --- [upt] [http-nio-8080-exec-9] s.w.s.m.m.a.RequestMappingHandlerMapping : Mapped to com.upt.upt.UptWebController#logout(HttpSession)
2024-12-15T00:14:17.454Z DEBUG 44612 --- [upt] [http-nio-8080-exec-9] o.s.web.servlet.view.RedirectView        : View name [redirect:], model {}
2024-12-15T00:14:17.455Z DEBUG 44612 --- [upt] [http-nio-8080-exec-9] o.s.web.servlet.DispatcherServlet        : Completed 302 FOUND
2024-12-15T00:14:17.461Z DEBUG 44612 --- [upt] [http-nio-8080-exec-10] o.s.web.servlet.DispatcherServlet        : GET "/login", parameters={}
2024-12-15T00:14:17.462Z DEBUG 44612 --- [upt] [http-nio-8080-exec-10] s.w.s.m.m.a.RequestMappingHandlerMapping : Mapped to com.upt.upt.UptWebController#login(String, Model)
2024-12-15T00:14:17.463Z DEBUG 44612 --- [upt] [http-nio-8080-exec-10] o.s.w.s.v.ContentNegotiatingViewResolver : Selected 'text/html' given [text/html, application/xhtml+xml, image/avif, image/webp, image/apng, application/xml;q=0.9, */*;q=0.8, application/signed-exchange;v=b3;q=0.7]
2024-12-15T00:14:17.466Z DEBUG 44612 --- [upt] [http-nio-8080-exec-10] o.s.web.servlet.DispatcherServlet        : Completed 200 OK
2024-12-15T00:14:21.272Z DEBUG 44612 --- [upt] [http-nio-8080-exec-1] o.s.web.servlet.DispatcherServlet        : POST "/validate-login", parameters={masked}
2024-12-15T00:14:21.273Z DEBUG 44612 --- [upt] [http-nio-8080-exec-1] s.w.s.m.m.a.RequestMappingHandlerMapping : Mapped to com.upt.upt.UptWebController#validateLogin(String, String, HttpSession)
2024-12-15T00:14:21.283Z DEBUG 44612 --- [upt] [http-nio-8080-exec-1] o.s.web.servlet.view.RedirectView        : View name [redirect:], model {}
2024-12-15T00:14:21.285Z DEBUG 44612 --- [upt] [http-nio-8080-exec-1] o.s.web.servlet.DispatcherServlet        : Completed 302 FOUND
2024-12-15T00:14:21.293Z DEBUG 44612 --- [upt] [http-nio-8080-exec-2] o.s.web.servlet.DispatcherServlet        : GET "/director", parameters={}
2024-12-15T00:14:21.294Z DEBUG 44612 --- [upt] [http-nio-8080-exec-2] s.w.s.m.m.a.RequestMappingHandlerMapping : Mapped to com.upt.upt.controller.DirectorUnitController#listDirectors(HttpSession, Model)
2024-12-15T00:14:21.303Z DEBUG 44612 --- [upt] [http-nio-8080-exec-2] o.s.w.s.v.ContentNegotiatingViewResolver : Selected 'text/html' given [text/html, application/xhtml+xml, image/avif, image/webp, image/apng, application/xml;q=0.9, */*;q=0.8, application/signed-exchange;v=b3;q=0.7]
2024-12-15T00:14:21.310Z DEBUG 44612 --- [upt] [http-nio-8080-exec-2] o.s.web.servlet.DispatcherServlet        : Completed 200 OK
2024-12-15T00:14:22.905Z DEBUG 44612 --- [upt] [http-nio-8080-exec-3] o.s.web.servlet.DispatcherServlet        : GET "/logout", parameters={}
2024-12-15T00:14:22.906Z DEBUG 44612 --- [upt] [http-nio-8080-exec-3] s.w.s.m.m.a.RequestMappingHandlerMapping : Mapped to com.upt.upt.UptWebController#logout(HttpSession)
2024-12-15T00:14:22.907Z DEBUG 44612 --- [upt] [http-nio-8080-exec-3] o.s.web.servlet.view.RedirectView        : View name [redirect:], model {}
2024-12-15T00:14:22.908Z DEBUG 44612 --- [upt] [http-nio-8080-exec-3] o.s.web.servlet.DispatcherServlet        : Completed 302 FOUND
2024-12-15T00:14:22.915Z DEBUG 44612 --- [upt] [http-nio-8080-exec-5] o.s.web.servlet.DispatcherServlet        : GET "/login", parameters={}
2024-12-15T00:14:22.916Z DEBUG 44612 --- [upt] [http-nio-8080-exec-5] s.w.s.m.m.a.RequestMappingHandlerMapping : Mapped to com.upt.upt.UptWebController#login(String, Model)
2024-12-15T00:14:22.919Z DEBUG 44612 --- [upt] [http-nio-8080-exec-5] o.s.w.s.v.ContentNegotiatingViewResolver : Selected 'text/html' given [text/html, application/xhtml+xml, image/avif, image/webp, image/apng, application/xml;q=0.9, */*;q=0.8, application/signed-exchange;v=b3;q=0.7]
2024-12-15T00:14:22.922Z DEBUG 44612 --- [upt] [http-nio-8080-exec-5] o.s.web.servlet.DispatcherServlet        : Completed 200 OK
2024-12-15T00:14:24.910Z DEBUG 44612 --- [upt] [http-nio-8080-exec-4] o.s.web.servlet.DispatcherServlet        : POST "/validate-login", parameters={masked}
2024-12-15T00:14:24.912Z DEBUG 44612 --- [upt] [http-nio-8080-exec-4] s.w.s.m.m.a.RequestMappingHandlerMapping : Mapped to com.upt.upt.UptWebController#validateLogin(String, String, HttpSession)
2024-12-15T00:14:24.927Z DEBUG 44612 --- [upt] [http-nio-8080-exec-4] o.s.web.servlet.view.RedirectView        : View name [redirect:], model {}
2024-12-15T00:14:24.928Z DEBUG 44612 --- [upt] [http-nio-8080-exec-4] o.s.web.servlet.DispatcherServlet        : Completed 302 FOUND
2024-12-15T00:14:24.940Z DEBUG 44612 --- [upt] [http-nio-8080-exec-6] o.s.web.servlet.DispatcherServlet        : GET "/coordinator", parameters={}
2024-12-15T00:14:24.944Z DEBUG 44612 --- [upt] [http-nio-8080-exec-6] s.w.s.m.m.a.RequestMappingHandlerMapping : Mapped to com.upt.upt.controller.CurricularUnitController#showCourseList(Model, HttpSession)
2024-12-15T00:14:24.959Z DEBUG 44612 --- [upt] [http-nio-8080-exec-6] o.s.w.s.v.ContentNegotiatingViewResolver : Selected 'text/html' given [text/html, application/xhtml+xml, image/avif, image/webp, image/apng, application/xml;q=0.9, */*;q=0.8, application/signed-exchange;v=b3;q=0.7]
2024-12-15T00:14:24.966Z DEBUG 44612 --- [upt] [http-nio-8080-exec-6] o.s.web.servlet.DispatcherServlet        : Completed 200 OK
2024-12-15T00:14:29.549Z DEBUG 44612 --- [upt] [http-nio-8080-exec-7] o.s.web.servlet.DispatcherServlet        : GET "/coordinator/coordinator_editUC?id=5&semester=1", parameters={masked}
2024-12-15T00:14:29.551Z DEBUG 44612 --- [upt] [http-nio-8080-exec-7] s.w.s.m.m.a.RequestMappingHandlerMapping : Mapped to com.upt.upt.controller.CurricularUnitController#editUCForm(Long, Integer, HttpSession, Model)
2024-12-15T00:14:29.564Z DEBUG 44612 --- [upt] [http-nio-8080-exec-7] o.s.w.s.v.ContentNegotiatingViewResolver : Selected 'text/html' given [text/html, application/xhtml+xml, image/avif, image/webp, image/apng, application/xml;q=0.9, */*;q=0.8, application/signed-exchange;v=b3;q=0.7]
2024-12-15T00:14:29.581Z DEBUG 44612 --- [upt] [http-nio-8080-exec-7] o.s.web.servlet.DispatcherServlet        : Completed 200 OK
2024-12-15T00:14:29.614Z DEBUG 44612 --- [upt] [http-nio-8080-exec-8] o.s.web.servlet.DispatcherServlet        : GET "/css/coordinator_editUC.css", parameters={}
2024-12-15T00:14:29.618Z DEBUG 44612 --- [upt] [http-nio-8080-exec-8] o.s.w.s.handler.SimpleUrlHandlerMapping  : Mapped to ResourceHttpRequestHandler [classpath [META-INF/resources/], classpath [resources/], classpath [static/], classpath [public/], ServletContext [/]]
2024-12-15T00:14:29.622Z DEBUG 44612 --- [upt] [http-nio-8080-exec-8] o.s.web.servlet.DispatcherServlet        : Completed 304 NOT_MODIFIED
2024-12-15T00:14:32.539Z DEBUG 44612 --- [upt] [http-nio-8080-exec-9] o.s.web.servlet.DispatcherServlet        : POST "/coordinator/coordinator_editUC/5", parameters={masked}
2024-12-15T00:14:32.541Z DEBUG 44612 --- [upt] [http-nio-8080-exec-9] s.w.s.m.m.a.RequestMappingHandlerMapping : Mapped to com.upt.upt.controller.CurricularUnitController#updateCurricularUnit(Long, String, Integer, String, Boolean, Integer, Integer, Integer, HttpSession, Model)
2024-12-15T00:14:32.659Z DEBUG 44612 --- [upt] [http-nio-8080-exec-9] o.s.web.servlet.view.RedirectView        : View name [redirect:], model {}
2024-12-15T00:14:32.660Z DEBUG 44612 --- [upt] [http-nio-8080-exec-9] o.s.web.servlet.DispatcherServlet        : Completed 302 FOUND
2024-12-15T00:14:32.669Z DEBUG 44612 --- [upt] [http-nio-8080-exec-10] o.s.web.servlet.DispatcherServlet        : GET "/coordinator", parameters={}
2024-12-15T00:14:32.670Z DEBUG 44612 --- [upt] [http-nio-8080-exec-10] s.w.s.m.m.a.RequestMappingHandlerMapping : Mapped to com.upt.upt.controller.CurricularUnitController#showCourseList(Model, HttpSession)
2024-12-15T00:14:32.682Z DEBUG 44612 --- [upt] [http-nio-8080-exec-10] o.s.w.s.v.ContentNegotiatingViewResolver : Selected 'text/html' given [text/html, application/xhtml+xml, image/avif, image/webp, image/apng, application/xml;q=0.9, */*;q=0.8, application/signed-exchange;v=b3;q=0.7]
2024-12-15T00:14:32.691Z DEBUG 44612 --- [upt] [http-nio-8080-exec-10] o.s.web.servlet.DispatcherServlet        : Completed 200 OK
2024-12-15T00:14:33.986Z DEBUG 44612 --- [upt] [http-nio-8080-exec-1] o.s.web.servlet.DispatcherServlet        : GET "/coordinator/coordinator_evaluationsUC?id=5", parameters={masked}
2024-12-15T00:14:33.993Z DEBUG 44612 --- [upt] [http-nio-8080-exec-1] s.w.s.m.m.a.RequestMappingHandlerMapping : Mapped to com.upt.upt.controller.CurricularUnitController#evaluationsUCCurricular(Long, Model, HttpSession)
2024-12-15T00:14:34.005Z DEBUG 44612 --- [upt] [http-nio-8080-exec-1] o.s.w.s.v.ContentNegotiatingViewResolver : Selected 'text/html' given [text/html, application/xhtml+xml, image/avif, image/webp, image/apng, application/xml;q=0.9, */*;q=0.8, application/signed-exchange;v=b3;q=0.7]
2024-12-15T00:14:34.007Z DEBUG 44612 --- [upt] [http-nio-8080-exec-1] o.s.web.servlet.DispatcherServlet        : Completed 200 OK
2024-12-15T00:14:35.272Z DEBUG 44612 --- [upt] [http-nio-8080-exec-2] o.s.web.servlet.DispatcherServlet        : GET "/coordinator/coordinator_create_evaluation?curricularUnitId=5", parameters={masked}
2024-12-15T00:14:35.273Z DEBUG 44612 --- [upt] [http-nio-8080-exec-2] s.w.s.m.m.a.RequestMappingHandlerMapping : Mapped to com.upt.upt.controller.AssessmentUnitController#createEvaluationPage(Long, Model, String, HttpSession)
2024-12-15T00:14:35.293Z DEBUG 44612 --- [upt] [http-nio-8080-exec-2] o.s.w.s.v.ContentNegotiatingViewResolver : Selected 'text/html' given [text/html, application/xhtml+xml, image/avif, image/webp, image/apng, application/xml;q=0.9, */*;q=0.8, application/signed-exchange;v=b3;q=0.7]
2024-12-15T00:14:35.295Z DEBUG 44612 --- [upt] [http-nio-8080-exec-2] o.s.web.servlet.DispatcherServlet        : Completed 200 OK
2024-12-15T00:15:55.556Z DEBUG 44612 --- [upt] [http-nio-8080-exec-5] o.s.web.servlet.DispatcherServlet        : POST "/coordinator/coordinator_addEvaluation", parameters={masked}
2024-12-15T00:15:55.557Z DEBUG 44612 --- [upt] [http-nio-8080-exec-5] s.w.s.m.m.a.RequestMappingHandlerMapping : Mapped to com.upt.upt.controller.AssessmentUnitController#saveEvaluation(Map, HttpSession, Model)
2024-12-15T00:15:55.864Z DEBUG 44612 --- [upt] [http-nio-8080-exec-5] o.s.web.servlet.view.RedirectView        : View name [redirect:], model {}
2024-12-15T00:15:55.865Z DEBUG 44612 --- [upt] [http-nio-8080-exec-5] o.s.web.servlet.DispatcherServlet        : Completed 302 FOUND
2024-12-15T00:15:55.870Z DEBUG 44612 --- [upt] [http-nio-8080-exec-4] o.s.web.servlet.DispatcherServlet        : GET "/coordinator/coordinator_evaluationsUC?id=5", parameters={masked}
2024-12-15T00:15:55.872Z DEBUG 44612 --- [upt] [http-nio-8080-exec-4] s.w.s.m.m.a.RequestMappingHandlerMapping : Mapped to com.upt.upt.controller.CurricularUnitController#evaluationsUCCurricular(Long, Model, HttpSession)
2024-12-15T00:15:55.882Z DEBUG 44612 --- [upt] [http-nio-8080-exec-4] o.s.w.s.v.ContentNegotiatingViewResolver : Selected 'text/html' given [text/html, application/xhtml+xml, image/avif, image/webp, image/apng, application/xml;q=0.9, */*;q=0.8, application/signed-exchange;v=b3;q=0.7]
2024-12-15T00:15:55.892Z DEBUG 44612 --- [upt] [http-nio-8080-exec-4] o.s.web.servlet.DispatcherServlet        : Completed 200 OK
2024-12-15T00:15:59.336Z DEBUG 44612 --- [upt] [http-nio-8080-exec-6] o.s.web.servlet.DispatcherServlet        : GET "/logout", parameters={}
2024-12-15T00:15:59.339Z DEBUG 44612 --- [upt] [http-nio-8080-exec-6] s.w.s.m.m.a.RequestMappingHandlerMapping : Mapped to com.upt.upt.UptWebController#logout(HttpSession)
2024-12-15T00:15:59.341Z DEBUG 44612 --- [upt] [http-nio-8080-exec-6] o.s.web.servlet.view.RedirectView        : View name [redirect:], model {}
2024-12-15T00:15:59.342Z DEBUG 44612 --- [upt] [http-nio-8080-exec-6] o.s.web.servlet.DispatcherServlet        : Completed 302 FOUND
2024-12-15T00:15:59.347Z DEBUG 44612 --- [upt] [http-nio-8080-exec-7] o.s.web.servlet.DispatcherServlet        : GET "/login", parameters={}
2024-12-15T00:15:59.347Z DEBUG 44612 --- [upt] [http-nio-8080-exec-7] s.w.s.m.m.a.RequestMappingHandlerMapping : Mapped to com.upt.upt.UptWebController#login(String, Model)
2024-12-15T00:15:59.349Z DEBUG 44612 --- [upt] [http-nio-8080-exec-7] o.s.w.s.v.ContentNegotiatingViewResolver : Selected 'text/html' given [text/html, application/xhtml+xml, image/avif, image/webp, image/apng, application/xml;q=0.9, */*;q=0.8, application/signed-exchange;v=b3;q=0.7]
2024-12-15T00:15:59.356Z DEBUG 44612 --- [upt] [http-nio-8080-exec-7] o.s.web.servlet.DispatcherServlet        : Completed 200 OK
2024-12-15T00:16:01.522Z DEBUG 44612 --- [upt] [http-nio-8080-exec-8] o.s.web.servlet.DispatcherServlet        : POST "/validate-login", parameters={masked}
2024-12-15T00:16:01.526Z DEBUG 44612 --- [upt] [http-nio-8080-exec-8] s.w.s.m.m.a.RequestMappingHandlerMapping : Mapped to com.upt.upt.UptWebController#validateLogin(String, String, HttpSession)
2024-12-15T00:16:01.546Z DEBUG 44612 --- [upt] [http-nio-8080-exec-8] o.s.web.servlet.view.RedirectView        : View name [redirect:], model {}
2024-12-15T00:16:01.555Z DEBUG 44612 --- [upt] [http-nio-8080-exec-8] o.s.web.servlet.DispatcherServlet        : Completed 302 FOUND
2024-12-15T00:16:01.570Z DEBUG 44612 --- [upt] [http-nio-8080-exec-9] o.s.web.servlet.DispatcherServlet        : GET "/coordinator", parameters={}
2024-12-15T00:16:01.572Z DEBUG 44612 --- [upt] [http-nio-8080-exec-9] s.w.s.m.m.a.RequestMappingHandlerMapping : Mapped to com.upt.upt.controller.CurricularUnitController#showCourseList(Model, HttpSession)
2024-12-15T00:16:01.593Z DEBUG 44612 --- [upt] [http-nio-8080-exec-9] o.s.w.s.v.ContentNegotiatingViewResolver : Selected 'text/html' given [text/html, application/xhtml+xml, image/avif, image/webp, image/apng, application/xml;q=0.9, */*;q=0.8, application/signed-exchange;v=b3;q=0.7]
2024-12-15T00:16:01.599Z DEBUG 44612 --- [upt] [http-nio-8080-exec-9] o.s.web.servlet.DispatcherServlet        : Completed 200 OK
2024-12-15T00:16:03.790Z DEBUG 44612 --- [upt] [http-nio-8080-exec-10] o.s.web.servlet.DispatcherServlet        : GET "/coordinator/coordinator_evaluationsUC?id=12", parameters={masked}
2024-12-15T00:16:03.791Z DEBUG 44612 --- [upt] [http-nio-8080-exec-10] s.w.s.m.m.a.RequestMappingHandlerMapping : Mapped to com.upt.upt.controller.CurricularUnitController#evaluationsUCCurricular(Long, Model, HttpSession)
2024-12-15T00:16:03.798Z DEBUG 44612 --- [upt] [http-nio-8080-exec-10] o.s.w.s.v.ContentNegotiatingViewResolver : Selected 'text/html' given [text/html, application/xhtml+xml, image/avif, image/webp, image/apng, application/xml;q=0.9, */*;q=0.8, application/signed-exchange;v=b3;q=0.7]
2024-12-15T00:16:03.800Z DEBUG 44612 --- [upt] [http-nio-8080-exec-10] o.s.web.servlet.DispatcherServlet        : Completed 200 OK
2024-12-15T00:16:05.662Z DEBUG 44612 --- [upt] [http-nio-8080-exec-1] o.s.web.servlet.DispatcherServlet        : GET "/coordinator/coordinator_create_evaluation?curricularUnitId=12", parameters={masked}
2024-12-15T00:16:05.663Z DEBUG 44612 --- [upt] [http-nio-8080-exec-1] s.w.s.m.m.a.RequestMappingHandlerMapping : Mapped to com.upt.upt.controller.AssessmentUnitController#createEvaluationPage(Long, Model, String, HttpSession)
2024-12-15T00:16:05.677Z DEBUG 44612 --- [upt] [http-nio-8080-exec-1] o.s.w.s.v.ContentNegotiatingViewResolver : Selected 'text/html' given [text/html, application/xhtml+xml, image/avif, image/webp, image/apng, application/xml;q=0.9, */*;q=0.8, application/signed-exchange;v=b3;q=0.7]
2024-12-15T00:16:05.681Z DEBUG 44612 --- [upt] [http-nio-8080-exec-1] o.s.web.servlet.DispatcherServlet        : Completed 200 OK
2024-12-15T00:16:31.912Z DEBUG 44612 --- [upt] [http-nio-8080-exec-2] o.s.web.servlet.DispatcherServlet        : POST "/coordinator/coordinator_addEvaluation", parameters={masked}
2024-12-15T00:16:31.913Z DEBUG 44612 --- [upt] [http-nio-8080-exec-2] s.w.s.m.m.a.RequestMappingHandlerMapping : Mapped to com.upt.upt.controller.AssessmentUnitController#saveEvaluation(Map, HttpSession, Model)
2024-12-15T00:16:32.409Z DEBUG 44612 --- [upt] [http-nio-8080-exec-2] o.s.web.servlet.DispatcherServlet        : Failed to complete request: java.lang.IllegalStateException: Not enough available rooms to accommodate all students.
2024-12-15T00:16:32.413Z ERROR 44612 --- [upt] [http-nio-8080-exec-2] o.a.c.c.C.[.[.[/].[dispatcherServlet]    : Servlet.service() for servlet [dispatcherServlet] in context with path [] threw exception [Request processing failed: java.lang.IllegalStateException: Not enough available rooms to accommodate all students.] with root cause

java.lang.IllegalStateException: Not enough available rooms to accommodate all students.
	at com.upt.upt.service.RoomUnitService.getAvailableRooms(RoomUnitService.java:230) ~[main/:na]
	at com.upt.upt.service.RoomUnitService.findAvailableRoomsWithinSameDay(RoomUnitService.java:300) ~[main/:na]
	at com.upt.upt.controller.AssessmentUnitController.saveEvaluation(AssessmentUnitController.java:188) ~[main/:na]
	at java.base/jdk.internal.reflect.DirectMethodHandleAccessor.invoke(DirectMethodHandleAccessor.java:103) ~[na:na]
	at java.base/java.lang.reflect.Method.invoke(Method.java:580) ~[na:na]
	at org.springframework.web.method.support.InvocableHandlerMethod.doInvoke(InvocableHandlerMethod.java:255) ~[spring-web-6.1.14.jar:6.1.14]
	at org.springframework.web.method.support.InvocableHandlerMethod.invokeForRequest(InvocableHandlerMethod.java:188) ~[spring-web-6.1.14.jar:6.1.14]
	at org.springframework.web.servlet.mvc.method.annotation.ServletInvocableHandlerMethod.invokeAndHandle(ServletInvocableHandlerMethod.java:118) ~[spring-webmvc-6.1.14.jar:6.1.14]
	at org.springframework.web.servlet.mvc.method.annotation.RequestMappingHandlerAdapter.invokeHandlerMethod(RequestMappingHandlerAdapter.java:926) ~[spring-webmvc-6.1.14.jar:6.1.14]
	at org.springframework.web.servlet.mvc.method.annotation.RequestMappingHandlerAdapter.handleInternal(RequestMappingHandlerAdapter.java:831) ~[spring-webmvc-6.1.14.jar:6.1.14]
	at org.springframework.web.servlet.mvc.method.AbstractHandlerMethodAdapter.handle(AbstractHandlerMethodAdapter.java:87) ~[spring-webmvc-6.1.14.jar:6.1.14]
	at org.springframework.web.servlet.DispatcherServlet.doDispatch(DispatcherServlet.java:1089) ~[spring-webmvc-6.1.14.jar:6.1.14]
	at org.springframework.web.servlet.DispatcherServlet.doService(DispatcherServlet.java:979) ~[spring-webmvc-6.1.14.jar:6.1.14]
	at org.springframework.web.servlet.FrameworkServlet.processRequest(FrameworkServlet.java:1014) ~[spring-webmvc-6.1.14.jar:6.1.14]
	at org.springframework.web.servlet.FrameworkServlet.doPost(FrameworkServlet.java:914) ~[spring-webmvc-6.1.14.jar:6.1.14]
	at jakarta.servlet.http.HttpServlet.service(HttpServlet.java:590) ~[tomcat-embed-core-10.1.31.jar:6.0]
	at org.springframework.web.servlet.FrameworkServlet.service(FrameworkServlet.java:885) ~[spring-webmvc-6.1.14.jar:6.1.14]
	at jakarta.servlet.http.HttpServlet.service(HttpServlet.java:658) ~[tomcat-embed-core-10.1.31.jar:6.0]
	at org.apache.catalina.core.ApplicationFilterChain.internalDoFilter(ApplicationFilterChain.java:195) ~[tomcat-embed-core-10.1.31.jar:10.1.31]
	at org.apache.catalina.core.ApplicationFilterChain.doFilter(ApplicationFilterChain.java:140) ~[tomcat-embed-core-10.1.31.jar:10.1.31]
	at org.apache.tomcat.websocket.server.WsFilter.doFilter(WsFilter.java:51) ~[tomcat-embed-websocket-10.1.31.jar:10.1.31]
	at org.apache.catalina.core.ApplicationFilterChain.internalDoFilter(ApplicationFilterChain.java:164) ~[tomcat-embed-core-10.1.31.jar:10.1.31]
	at org.apache.catalina.core.ApplicationFilterChain.doFilter(ApplicationFilterChain.java:140) ~[tomcat-embed-core-10.1.31.jar:10.1.31]
	at org.springframework.web.filter.RequestContextFilter.doFilterInternal(RequestContextFilter.java:100) ~[spring-web-6.1.14.jar:6.1.14]
	at org.springframework.web.filter.OncePerRequestFilter.doFilter(OncePerRequestFilter.java:116) ~[spring-web-6.1.14.jar:6.1.14]
	at org.apache.catalina.core.ApplicationFilterChain.internalDoFilter(ApplicationFilterChain.java:164) ~[tomcat-embed-core-10.1.31.jar:10.1.31]
	at org.apache.catalina.core.ApplicationFilterChain.doFilter(ApplicationFilterChain.java:140) ~[tomcat-embed-core-10.1.31.jar:10.1.31]
	at org.springframework.web.filter.FormContentFilter.doFilterInternal(FormContentFilter.java:93) ~[spring-web-6.1.14.jar:6.1.14]
	at org.springframework.web.filter.OncePerRequestFilter.doFilter(OncePerRequestFilter.java:116) ~[spring-web-6.1.14.jar:6.1.14]
	at org.apache.catalina.core.ApplicationFilterChain.internalDoFilter(ApplicationFilterChain.java:164) ~[tomcat-embed-core-10.1.31.jar:10.1.31]
	at org.apache.catalina.core.ApplicationFilterChain.doFilter(ApplicationFilterChain.java:140) ~[tomcat-embed-core-10.1.31.jar:10.1.31]
	at org.springframework.web.filter.CharacterEncodingFilter.doFilterInternal(CharacterEncodingFilter.java:201) ~[spring-web-6.1.14.jar:6.1.14]
	at org.springframework.web.filter.OncePerRequestFilter.doFilter(OncePerRequestFilter.java:116) ~[spring-web-6.1.14.jar:6.1.14]
	at org.apache.catalina.core.ApplicationFilterChain.internalDoFilter(ApplicationFilterChain.java:164) ~[tomcat-embed-core-10.1.31.jar:10.1.31]
	at org.apache.catalina.core.ApplicationFilterChain.doFilter(ApplicationFilterChain.java:140) ~[tomcat-embed-core-10.1.31.jar:10.1.31]
	at org.apache.catalina.core.StandardWrapperValve.invoke(StandardWrapperValve.java:167) ~[tomcat-embed-core-10.1.31.jar:10.1.31]
	at org.apache.catalina.core.StandardContextValve.invoke(StandardContextValve.java:90) ~[tomcat-embed-core-10.1.31.jar:10.1.31]
	at org.apache.catalina.authenticator.AuthenticatorBase.invoke(AuthenticatorBase.java:483) ~[tomcat-embed-core-10.1.31.jar:10.1.31]
	at org.apache.catalina.core.StandardHostValve.invoke(StandardHostValve.java:115) ~[tomcat-embed-core-10.1.31.jar:10.1.31]
	at org.apache.catalina.valves.ErrorReportValve.invoke(ErrorReportValve.java:93) ~[tomcat-embed-core-10.1.31.jar:10.1.31]
	at org.apache.catalina.core.StandardEngineValve.invoke(StandardEngineValve.java:74) ~[tomcat-embed-core-10.1.31.jar:10.1.31]
	at org.apache.catalina.connector.CoyoteAdapter.service(CoyoteAdapter.java:344) ~[tomcat-embed-core-10.1.31.jar:10.1.31]
	at org.apache.coyote.http11.Http11Processor.service(Http11Processor.java:384) ~[tomcat-embed-core-10.1.31.jar:10.1.31]
	at org.apache.coyote.AbstractProcessorLight.process(AbstractProcessorLight.java:63) ~[tomcat-embed-core-10.1.31.jar:10.1.31]
	at org.apache.coyote.AbstractProtocol$ConnectionHandler.process(AbstractProtocol.java:905) ~[tomcat-embed-core-10.1.31.jar:10.1.31]
	at org.apache.tomcat.util.net.NioEndpoint$SocketProcessor.doRun(NioEndpoint.java:1741) ~[tomcat-embed-core-10.1.31.jar:10.1.31]
	at org.apache.tomcat.util.net.SocketProcessorBase.run(SocketProcessorBase.java:52) ~[tomcat-embed-core-10.1.31.jar:10.1.31]
	at org.apache.tomcat.util.threads.ThreadPoolExecutor.runWorker(ThreadPoolExecutor.java:1190) ~[tomcat-embed-core-10.1.31.jar:10.1.31]
	at org.apache.tomcat.util.threads.ThreadPoolExecutor$Worker.run(ThreadPoolExecutor.java:659) ~[tomcat-embed-core-10.1.31.jar:10.1.31]
	at org.apache.tomcat.util.threads.TaskThread$WrappingRunnable.run(TaskThread.java:63) ~[tomcat-embed-core-10.1.31.jar:10.1.31]
	at java.base/java.lang.Thread.run(Thread.java:1583) ~[na:na]

2024-12-15T00:16:32.440Z DEBUG 44612 --- [upt] [http-nio-8080-exec-2] o.s.web.servlet.DispatcherServlet        : "ERROR" dispatch for POST "/error", parameters={masked}
2024-12-15T00:16:32.442Z DEBUG 44612 --- [upt] [http-nio-8080-exec-2] s.w.s.m.m.a.RequestMappingHandlerMapping : Mapped to org.springframework.boot.autoconfigure.web.servlet.error.BasicErrorController#errorHtml(HttpServletRequest, HttpServletResponse)
2024-12-15T00:16:32.463Z DEBUG 44612 --- [upt] [http-nio-8080-exec-2] o.s.w.s.v.ContentNegotiatingViewResolver : Selected 'text/html' given [text/html, text/html;q=0.8]
2024-12-15T00:16:32.480Z DEBUG 44612 --- [upt] [http-nio-8080-exec-2] o.s.web.servlet.DispatcherServlet        : Exiting from "ERROR" dispatch, status 500
2024-12-15T00:19:00.794Z  INFO 29432 --- [upt] [main] com.upt.upt.UptWebApplication            : Starting UptWebApplication using Java 21.0.5 with PID 29432 (D:\Documentos\Faculdade\3ยบ Ano GAB\QualidadeSoftware\Projeto POTENTE\UptQSProject\build\classes\java\main started by gabri in D:\Documentos\Faculdade\3ยบ Ano GAB\QualidadeSoftware\Projeto POTENTE\UptQSProject)
2024-12-15T00:19:00.798Z DEBUG 29432 --- [upt] [main] com.upt.upt.UptWebApplication            : Running with Spring Boot v3.3.5, Spring v6.1.14
2024-12-15T00:19:00.799Z  INFO 29432 --- [upt] [main] com.upt.upt.UptWebApplication            : No active profile set, falling back to 1 default profile: "default"
2024-12-15T00:19:01.858Z  INFO 29432 --- [upt] [main] .s.d.r.c.RepositoryConfigurationDelegate : Bootstrapping Spring Data JPA repositories in DEFAULT mode.
2024-12-15T00:19:02.012Z  INFO 29432 --- [upt] [main] .s.d.r.c.RepositoryConfigurationDelegate : Finished Spring Data repository scanning in 143 ms. Found 9 JPA repository interfaces.
2024-12-15T00:19:02.974Z  INFO 29432 --- [upt] [main] o.s.b.w.embedded.tomcat.TomcatWebServer  : Tomcat initialized with port 8080 (http)
2024-12-15T00:19:02.997Z  INFO 29432 --- [upt] [main] o.apache.catalina.core.StandardService   : Starting service [Tomcat]
2024-12-15T00:19:02.998Z  INFO 29432 --- [upt] [main] o.apache.catalina.core.StandardEngine    : Starting Servlet engine: [Apache Tomcat/10.1.31]
2024-12-15T00:19:03.098Z  INFO 29432 --- [upt] [main] o.a.c.c.C.[Tomcat].[localhost].[/]       : Initializing Spring embedded WebApplicationContext
2024-12-15T00:19:03.099Z  INFO 29432 --- [upt] [main] w.s.c.ServletWebServerApplicationContext : Root WebApplicationContext: initialization completed in 2213 ms
2024-12-15T00:19:03.312Z  INFO 29432 --- [upt] [main] o.hibernate.jpa.internal.util.LogHelper  : HHH000204: Processing PersistenceUnitInfo [name: default]
2024-12-15T00:19:03.426Z  INFO 29432 --- [upt] [main] org.hibernate.Version                    : HHH000412: Hibernate ORM core version 6.5.3.Final
2024-12-15T00:19:03.491Z  INFO 29432 --- [upt] [main] o.h.c.internal.RegionFactoryInitiator    : HHH000026: Second-level cache disabled
2024-12-15T00:19:03.959Z  INFO 29432 --- [upt] [main] o.s.o.j.p.SpringPersistenceUnitInfo      : No LoadTimeWeaver setup: ignoring JPA class transformer
2024-12-15T00:19:04.008Z  INFO 29432 --- [upt] [main] com.zaxxer.hikari.HikariDataSource       : HikariPool-1 - Starting...
2024-12-15T00:19:04.414Z  INFO 29432 --- [upt] [main] com.zaxxer.hikari.pool.HikariPool        : HikariPool-1 - Added connection com.mysql.cj.jdbc.ConnectionImpl@5d2e6f62
2024-12-15T00:19:04.418Z  INFO 29432 --- [upt] [main] com.zaxxer.hikari.HikariDataSource       : HikariPool-1 - Start completed.
2024-12-15T00:19:04.484Z  WARN 29432 --- [upt] [main] org.hibernate.orm.deprecation            : HHH90000025: MySQL8Dialect does not need to be specified explicitly using 'hibernate.dialect' (remove the property setting and it will be selected by default)
2024-12-15T00:19:04.486Z  WARN 29432 --- [upt] [main] org.hibernate.orm.deprecation            : HHH90000026: MySQL8Dialect has been deprecated; use org.hibernate.dialect.MySQLDialect instead
2024-12-15T00:19:07.113Z  INFO 29432 --- [upt] [main] o.h.e.t.j.p.i.JtaPlatformInitiator       : HHH000489: No JTA platform available (set 'hibernate.transaction.jta.platform' to enable JTA platform integration)
2024-12-15T00:19:07.400Z  INFO 29432 --- [upt] [main] j.LocalContainerEntityManagerFactoryBean : Initialized JPA EntityManagerFactory for persistence unit 'default'
2024-12-15T00:19:08.934Z  WARN 29432 --- [upt] [main] JpaBaseConfiguration$JpaWebConfiguration : spring.jpa.open-in-view is enabled by default. Therefore, database queries may be performed during view rendering. Explicitly configure spring.jpa.open-in-view to disable this warning
2024-12-15T00:19:09.248Z DEBUG 29432 --- [upt] [main] s.w.s.m.m.a.RequestMappingHandlerMapping : 67 mappings in 'requestMappingHandlerMapping'
2024-12-15T00:19:09.368Z DEBUG 29432 --- [upt] [main] o.s.w.s.handler.SimpleUrlHandlerMapping  : Patterns [/webjars/**, /**] in 'resourceHandlerMapping'
2024-12-15T00:19:09.418Z DEBUG 29432 --- [upt] [main] s.w.s.m.m.a.RequestMappingHandlerAdapter : ControllerAdvice beans: 0 @ModelAttribute, 0 @InitBinder, 1 RequestBodyAdvice, 1 ResponseBodyAdvice
2024-12-15T00:19:09.532Z DEBUG 29432 --- [upt] [main] .m.m.a.ExceptionHandlerExceptionResolver : ControllerAdvice beans: 0 @ExceptionHandler, 1 ResponseBodyAdvice
2024-12-15T00:19:10.414Z  INFO 29432 --- [upt] [main] o.s.b.w.embedded.tomcat.TomcatWebServer  : Tomcat started on port 8080 (http) with context path '/'
2024-12-15T00:19:10.442Z  INFO 29432 --- [upt] [main] com.upt.upt.UptWebApplication            : Started UptWebApplication in 10.323 seconds (process running for 11.014)
2024-12-15T00:19:13.253Z  INFO 29432 --- [upt] [http-nio-8080-exec-1] o.a.c.c.C.[Tomcat].[localhost].[/]       : Initializing Spring DispatcherServlet 'dispatcherServlet'
2024-12-15T00:19:13.254Z  INFO 29432 --- [upt] [http-nio-8080-exec-1] o.s.web.servlet.DispatcherServlet        : Initializing Servlet 'dispatcherServlet'
2024-12-15T00:19:13.254Z DEBUG 29432 --- [upt] [http-nio-8080-exec-1] o.s.web.servlet.DispatcherServlet        : Detected StandardServletMultipartResolver
2024-12-15T00:19:13.255Z DEBUG 29432 --- [upt] [http-nio-8080-exec-1] o.s.web.servlet.DispatcherServlet        : Detected AcceptHeaderLocaleResolver
2024-12-15T00:19:13.256Z DEBUG 29432 --- [upt] [http-nio-8080-exec-1] o.s.web.servlet.DispatcherServlet        : Detected FixedThemeResolver
2024-12-15T00:19:13.259Z DEBUG 29432 --- [upt] [http-nio-8080-exec-1] o.s.web.servlet.DispatcherServlet        : Detected org.springframework.web.servlet.view.DefaultRequestToViewNameTranslator@24347d8b
2024-12-15T00:19:13.260Z DEBUG 29432 --- [upt] [http-nio-8080-exec-1] o.s.web.servlet.DispatcherServlet        : Detected org.springframework.web.servlet.support.SessionFlashMapManager@52518ee1
2024-12-15T00:19:13.262Z DEBUG 29432 --- [upt] [http-nio-8080-exec-1] o.s.web.servlet.DispatcherServlet        : enableLoggingRequestDetails='false': request parameters and headers will be masked to prevent unsafe logging of potentially sensitive data
2024-12-15T00:19:13.264Z  INFO 29432 --- [upt] [http-nio-8080-exec-1] o.s.web.servlet.DispatcherServlet        : Completed initialization in 10 ms
2024-12-15T00:19:13.291Z DEBUG 29432 --- [upt] [http-nio-8080-exec-1] o.s.web.servlet.DispatcherServlet        : GET "/coordinator/coordinator_create_evaluation?curricularUnitId=12", parameters={masked}
2024-12-15T00:19:13.310Z DEBUG 29432 --- [upt] [http-nio-8080-exec-1] s.w.s.m.m.a.RequestMappingHandlerMapping : Mapped to com.upt.upt.controller.AssessmentUnitController#createEvaluationPage(Long, Model, String, HttpSession)
2024-12-15T00:19:13.404Z DEBUG 29432 --- [upt] [http-nio-8080-exec-1] o.s.web.servlet.view.RedirectView        : View name [redirect:], model {}
2024-12-15T00:19:13.406Z DEBUG 29432 --- [upt] [http-nio-8080-exec-1] o.s.web.servlet.DispatcherServlet        : Completed 302 FOUND
2024-12-15T00:19:13.416Z DEBUG 29432 --- [upt] [http-nio-8080-exec-2] o.s.web.servlet.DispatcherServlet        : GET "/login?error=Unauthorized%20access", parameters={masked}
2024-12-15T00:19:13.417Z DEBUG 29432 --- [upt] [http-nio-8080-exec-2] s.w.s.m.m.a.RequestMappingHandlerMapping : Mapped to com.upt.upt.UptWebController#login(String, Model)
2024-12-15T00:19:13.440Z DEBUG 29432 --- [upt] [http-nio-8080-exec-2] o.s.w.s.v.ContentNegotiatingViewResolver : Selected 'text/html' given [text/html, application/xhtml+xml, image/avif, image/webp, image/apng, application/xml;q=0.9, */*;q=0.8, application/signed-exchange;v=b3;q=0.7]
2024-12-15T00:19:13.849Z DEBUG 29432 --- [upt] [http-nio-8080-exec-2] o.s.web.servlet.DispatcherServlet        : Completed 200 OK
2024-12-15T00:19:18.043Z DEBUG 29432 --- [upt] [http-nio-8080-exec-3] o.s.web.servlet.DispatcherServlet        : POST "/validate-login", parameters={masked}
2024-12-15T00:19:18.044Z DEBUG 29432 --- [upt] [http-nio-8080-exec-3] s.w.s.m.m.a.RequestMappingHandlerMapping : Mapped to com.upt.upt.UptWebController#validateLogin(String, String, HttpSession)
2024-12-15T00:19:18.294Z DEBUG 29432 --- [upt] [http-nio-8080-exec-3] o.s.web.servlet.view.RedirectView        : View name [redirect:], model {}
2024-12-15T00:19:18.296Z DEBUG 29432 --- [upt] [http-nio-8080-exec-3] o.s.web.servlet.DispatcherServlet        : Completed 302 FOUND
2024-12-15T00:19:18.301Z DEBUG 29432 --- [upt] [http-nio-8080-exec-4] o.s.web.servlet.DispatcherServlet        : GET "/coordinator", parameters={}
2024-12-15T00:19:18.302Z DEBUG 29432 --- [upt] [http-nio-8080-exec-4] s.w.s.m.m.a.RequestMappingHandlerMapping : Mapped to com.upt.upt.controller.CurricularUnitController#showCourseList(Model, HttpSession)
2024-12-15T00:19:18.350Z DEBUG 29432 --- [upt] [http-nio-8080-exec-4] o.s.w.s.v.ContentNegotiatingViewResolver : Selected 'text/html' given [text/html, application/xhtml+xml, image/avif, image/webp, image/apng, application/xml;q=0.9, */*;q=0.8, application/signed-exchange;v=b3;q=0.7]
2024-12-15T00:19:18.388Z DEBUG 29432 --- [upt] [http-nio-8080-exec-4] o.s.web.servlet.DispatcherServlet        : Completed 200 OK
2024-12-15T00:19:20.216Z DEBUG 29432 --- [upt] [http-nio-8080-exec-5] o.s.web.servlet.DispatcherServlet        : GET "/coordinator/coordinator_evaluationsUC?id=12", parameters={masked}
2024-12-15T00:19:20.217Z DEBUG 29432 --- [upt] [http-nio-8080-exec-5] s.w.s.m.m.a.RequestMappingHandlerMapping : Mapped to com.upt.upt.controller.CurricularUnitController#evaluationsUCCurricular(Long, Model, HttpSession)
2024-12-15T00:19:20.236Z DEBUG 29432 --- [upt] [http-nio-8080-exec-5] o.s.w.s.v.ContentNegotiatingViewResolver : Selected 'text/html' given [text/html, application/xhtml+xml, image/avif, image/webp, image/apng, application/xml;q=0.9, */*;q=0.8, application/signed-exchange;v=b3;q=0.7]
2024-12-15T00:19:20.248Z DEBUG 29432 --- [upt] [http-nio-8080-exec-5] o.s.web.servlet.DispatcherServlet        : Completed 200 OK
2024-12-15T00:19:21.569Z DEBUG 29432 --- [upt] [http-nio-8080-exec-6] o.s.web.servlet.DispatcherServlet        : GET "/coordinator/coordinator_create_evaluation?curricularUnitId=12", parameters={masked}
2024-12-15T00:19:21.572Z DEBUG 29432 --- [upt] [http-nio-8080-exec-6] s.w.s.m.m.a.RequestMappingHandlerMapping : Mapped to com.upt.upt.controller.AssessmentUnitController#createEvaluationPage(Long, Model, String, HttpSession)
2024-12-15T00:19:21.605Z DEBUG 29432 --- [upt] [http-nio-8080-exec-6] o.s.w.s.v.ContentNegotiatingViewResolver : Selected 'text/html' given [text/html, application/xhtml+xml, image/avif, image/webp, image/apng, application/xml;q=0.9, */*;q=0.8, application/signed-exchange;v=b3;q=0.7]
2024-12-15T00:19:21.635Z DEBUG 29432 --- [upt] [http-nio-8080-exec-6] o.s.web.servlet.DispatcherServlet        : Completed 200 OK
2024-12-15T00:19:41.854Z DEBUG 29432 --- [upt] [http-nio-8080-exec-7] o.s.web.servlet.DispatcherServlet        : POST "/coordinator/coordinator_addEvaluation", parameters={masked}
2024-12-15T00:19:41.856Z DEBUG 29432 --- [upt] [http-nio-8080-exec-7] s.w.s.m.m.a.RequestMappingHandlerMapping : Mapped to com.upt.upt.controller.AssessmentUnitController#saveEvaluation(Map, HttpSession, Model)
2024-12-15T00:19:42.291Z DEBUG 29432 --- [upt] [http-nio-8080-exec-7] o.s.web.servlet.view.RedirectView        : View name [redirect:], model {}
2024-12-15T00:19:42.291Z DEBUG 29432 --- [upt] [http-nio-8080-exec-7] o.s.web.servlet.DispatcherServlet        : Completed 302 FOUND
2024-12-15T00:19:42.297Z DEBUG 29432 --- [upt] [http-nio-8080-exec-8] o.s.web.servlet.DispatcherServlet        : GET "/coordinator/coordinator_create_evaluation?curricularUnitId=12&error=No%20available%20rooms%20found%20for%20the%20specified%20time.%20However,%20rooms%20are%20available%20from%2008:00%20to%2009:59%20on%20the%20same%20day.", parameters={masked}
2024-12-15T00:19:42.298Z DEBUG 29432 --- [upt] [http-nio-8080-exec-8] s.w.s.m.m.a.RequestMappingHandlerMapping : Mapped to com.upt.upt.controller.AssessmentUnitController#createEvaluationPage(Long, Model, String, HttpSession)
2024-12-15T00:19:42.319Z DEBUG 29432 --- [upt] [http-nio-8080-exec-8] o.s.w.s.v.ContentNegotiatingViewResolver : Selected 'text/html' given [text/html, application/xhtml+xml, image/avif, image/webp, image/apng, application/xml;q=0.9, */*;q=0.8, application/signed-exchange;v=b3;q=0.7]
2024-12-15T00:19:42.327Z DEBUG 29432 --- [upt] [http-nio-8080-exec-8] o.s.web.servlet.DispatcherServlet        : Completed 200 OK
2024-12-15T00:20:19.518Z DEBUG 29432 --- [upt] [http-nio-8080-exec-9] o.s.web.servlet.DispatcherServlet        : POST "/coordinator/coordinator_addEvaluation", parameters={masked}
2024-12-15T00:20:19.519Z DEBUG 29432 --- [upt] [http-nio-8080-exec-9] s.w.s.m.m.a.RequestMappingHandlerMapping : Mapped to com.upt.upt.controller.AssessmentUnitController#saveEvaluation(Map, HttpSession, Model)
2024-12-15T00:20:19.983Z DEBUG 29432 --- [upt] [http-nio-8080-exec-9] o.s.web.servlet.view.RedirectView        : View name [redirect:], model {}
2024-12-15T00:20:19.985Z DEBUG 29432 --- [upt] [http-nio-8080-exec-9] o.s.web.servlet.DispatcherServlet        : Completed 302 FOUND
2024-12-15T00:20:19.994Z DEBUG 29432 --- [upt] [http-nio-8080-exec-10] o.s.web.servlet.DispatcherServlet        : GET "/coordinator/coordinator_create_evaluation?curricularUnitId=12&error=No%20available%20rooms%20found%20for%20the%20specified%20time.%20However,%20rooms%20are%20available%20from%2008:00%20to%2008:59%20on%20the%20same%20day.", parameters={masked}
2024-12-15T00:20:19.997Z DEBUG 29432 --- [upt] [http-nio-8080-exec-10] s.w.s.m.m.a.RequestMappingHandlerMapping : Mapped to com.upt.upt.controller.AssessmentUnitController#createEvaluationPage(Long, Model, String, HttpSession)
2024-12-15T00:20:20.033Z DEBUG 29432 --- [upt] [http-nio-8080-exec-10] o.s.w.s.v.ContentNegotiatingViewResolver : Selected 'text/html' given [text/html, application/xhtml+xml, image/avif, image/webp, image/apng, application/xml;q=0.9, */*;q=0.8, application/signed-exchange;v=b3;q=0.7]
2024-12-15T00:20:20.049Z DEBUG 29432 --- [upt] [http-nio-8080-exec-10] o.s.web.servlet.DispatcherServlet        : Completed 200 OK
